<?xml version="1.0" ?>
<coverage branch-rate="0.4272" branches-covered="405" branches-valid="948" complexity="0" line-rate="0.5167" lines-covered="1451" lines-valid="2808" timestamp="1649452560558" version="6.2">
	<!-- Generated by coverage.py: https://coverage.readthedocs.io -->
	<!-- Based on https://raw.githubusercontent.com/cobertura/web/master/htdocs/xml/coverage-04.dtd -->
	<sources>
		<source>/home/andersoncontreira/Documents/Projetos/template-serverless-service-python</source>
	</sources>
	<packages>
		<package branch-rate="0.3661" complexity="0" line-rate="0.4658" name=".">
			<classes>
				<class branch-rate="0.03571" complexity="0" filename="app.py" line-rate="0.2828" name="app.py">
					<methods/>
					<lines>
						<line hits="1" number="5"/>
						<line hits="1" number="6"/>
						<line hits="1" number="8"/>
						<line hits="1" number="9"/>
						<line hits="1" number="10"/>
						<line hits="1" number="11"/>
						<line hits="1" number="12"/>
						<line hits="1" number="13"/>
						<line hits="1" number="14"/>
						<line hits="1" number="15"/>
						<line hits="1" number="16"/>
						<line hits="1" number="18"/>
						<line hits="1" number="19"/>
						<line hits="1" number="20"/>
						<line hits="1" number="21"/>
						<line hits="1" number="22"/>
						<line hits="1" number="23"/>
						<line hits="1" number="24"/>
						<line hits="1" number="25"/>
						<line hits="1" number="28"/>
						<line hits="1" number="33"/>
						<line hits="1" number="35"/>
						<line hits="1" number="38"/>
						<line hits="1" number="40"/>
						<line hits="1" number="42"/>
						<line branch="true" condition-coverage="50% (1/2)" hits="1" missing-branches="48" number="44"/>
						<line hits="1" number="46"/>
						<line hits="1" number="48"/>
						<line hits="1" number="49"/>
						<line hits="1" number="52"/>
						<line hits="1" number="64"/>
						<line hits="1" number="65"/>
						<line hits="1" number="68"/>
						<line hits="1" number="104"/>
						<line hits="1" number="105"/>
						<line hits="1" number="108"/>
						<line hits="0" number="116"/>
						<line hits="0" number="117"/>
						<line hits="0" number="118"/>
						<line branch="true" condition-coverage="0% (0/2)" hits="0" missing-branches="121,130" number="120"/>
						<line hits="0" number="121"/>
						<line hits="0" number="127"/>
						<line hits="0" number="128"/>
						<line hits="0" number="130"/>
						<line hits="0" number="132"/>
						<line hits="1" number="135"/>
						<line hits="0" number="143"/>
						<line hits="0" number="144"/>
						<line hits="0" number="145"/>
						<line branch="true" condition-coverage="0% (0/2)" hits="0" missing-branches="148,157" number="147"/>
						<line hits="0" number="148"/>
						<line hits="0" number="154"/>
						<line hits="0" number="155"/>
						<line hits="0" number="157"/>
						<line hits="0" number="159"/>
						<line hits="1" number="162"/>
						<line hits="0" number="174"/>
						<line hits="0" number="175"/>
						<line hits="0" number="176"/>
						<line hits="0" number="177"/>
						<line hits="0" number="178"/>
						<line hits="1" number="182"/>
						<line hits="0" number="194"/>
						<line hits="0" number="195"/>
						<line hits="0" number="196"/>
						<line hits="0" number="197"/>
						<line hits="0" number="198"/>
						<line hits="1" number="203"/>
						<line hits="0" number="273"/>
						<line hits="0" number="274"/>
						<line hits="0" number="276"/>
						<line hits="0" number="277"/>
						<line hits="0" number="278"/>
						<line hits="0" number="280"/>
						<line hits="0" number="281"/>
						<line hits="0" number="282"/>
						<line hits="0" number="283"/>
						<line hits="0" number="284"/>
						<line hits="0" number="285"/>
						<line hits="0" number="288"/>
						<line hits="0" number="289"/>
						<line hits="0" number="292"/>
						<line hits="0" number="293"/>
						<line hits="0" number="294"/>
						<line hits="0" number="295"/>
						<line branch="true" condition-coverage="0% (0/2)" hits="0" missing-branches="297,298" number="296"/>
						<line hits="0" number="297"/>
						<line hits="0" number="298"/>
						<line hits="0" number="300"/>
						<line hits="1" number="303"/>
						<line hits="0" number="350"/>
						<line hits="0" number="351"/>
						<line hits="0" number="353"/>
						<line hits="0" number="354"/>
						<line hits="0" number="355"/>
						<line hits="0" number="357"/>
						<line hits="0" number="358"/>
						<line hits="0" number="359"/>
						<line hits="0" number="360"/>
						<line hits="0" number="363"/>
						<line hits="0" number="364"/>
						<line hits="0" number="366"/>
						<line hits="0" number="367"/>
						<line branch="true" condition-coverage="0% (0/2)" hits="0" missing-branches="369,370" number="368"/>
						<line hits="0" number="369"/>
						<line hits="0" number="370"/>
						<line branch="true" condition-coverage="0% (0/2)" hits="0" missing-branches="372,373" number="371"/>
						<line hits="0" number="372"/>
						<line hits="0" number="373"/>
						<line hits="0" number="375"/>
						<line hits="1" number="378"/>
						<line hits="0" number="415"/>
						<line hits="0" number="416"/>
						<line hits="0" number="418"/>
						<line hits="0" number="419"/>
						<line hits="0" number="420"/>
						<line hits="0" number="422"/>
						<line hits="0" number="423"/>
						<line hits="0" number="424"/>
						<line hits="0" number="425"/>
						<line hits="0" number="431"/>
						<line hits="0" number="432"/>
						<line branch="true" condition-coverage="0% (0/2)" hits="0" missing-branches="434,435" number="433"/>
						<line hits="0" number="434"/>
						<line hits="0" number="435"/>
						<line branch="true" condition-coverage="0% (0/2)" hits="0" missing-branches="437,438" number="436"/>
						<line hits="0" number="437"/>
						<line hits="0" number="438"/>
						<line hits="0" number="440"/>
						<line hits="1" number="443"/>
						<line hits="0" number="488"/>
						<line hits="0" number="489"/>
						<line hits="0" number="491"/>
						<line hits="0" number="492"/>
						<line hits="0" number="493"/>
						<line hits="0" number="495"/>
						<line hits="0" number="496"/>
						<line hits="0" number="497"/>
						<line hits="0" number="499"/>
						<line hits="0" number="501"/>
						<line hits="0" number="502"/>
						<line branch="true" condition-coverage="0% (0/2)" hits="0" missing-branches="504,505" number="503"/>
						<line hits="0" number="504"/>
						<line hits="0" number="505"/>
						<line branch="true" condition-coverage="0% (0/2)" hits="0" missing-branches="507,508" number="506"/>
						<line hits="0" number="507"/>
						<line hits="0" number="508"/>
						<line hits="0" number="510"/>
						<line hits="1" number="513"/>
						<line hits="0" number="553"/>
						<line hits="0" number="554"/>
						<line hits="0" number="556"/>
						<line hits="0" number="557"/>
						<line hits="0" number="558"/>
						<line hits="0" number="560"/>
						<line hits="0" number="561"/>
						<line hits="0" number="562"/>
						<line hits="0" number="563"/>
						<line hits="0" number="564"/>
						<line hits="0" number="566"/>
						<line hits="0" number="567"/>
						<line branch="true" condition-coverage="0% (0/2)" hits="0" missing-branches="569,570" number="568"/>
						<line hits="0" number="569"/>
						<line hits="0" number="570"/>
						<line branch="true" condition-coverage="0% (0/2)" hits="0" missing-branches="572,573" number="571"/>
						<line hits="0" number="572"/>
						<line hits="0" number="573"/>
						<line hits="0" number="575"/>
						<line hits="1" number="578"/>
						<line hits="0" number="625"/>
						<line hits="0" number="626"/>
						<line hits="0" number="628"/>
						<line hits="0" number="629"/>
						<line hits="0" number="630"/>
						<line hits="0" number="632"/>
						<line hits="0" number="633"/>
						<line hits="0" number="634"/>
						<line hits="0" number="636"/>
						<line hits="0" number="638"/>
						<line hits="0" number="639"/>
						<line branch="true" condition-coverage="0% (0/2)" hits="0" missing-branches="641,642" number="640"/>
						<line hits="0" number="641"/>
						<line hits="0" number="642"/>
						<line branch="true" condition-coverage="0% (0/2)" hits="0" missing-branches="644,645" number="643"/>
						<line hits="0" number="644"/>
						<line hits="0" number="645"/>
						<line hits="0" number="647"/>
						<line hits="1" number="653"/>
						<line hits="1" number="657"/>
						<line hits="1" number="659"/>
						<line hits="1" number="661"/>
						<line hits="1" number="663"/>
						<line hits="1" number="665"/>
						<line hits="1" number="667"/>
						<line hits="1" number="669"/>
						<line hits="1" number="670"/>
						<line hits="1" number="673"/>
						<line hits="1" number="675"/>
					</lines>
				</class>
				<class branch-rate="0.4762" complexity="0" filename="boot.py" line-rate="0.6826" name="boot.py">
					<methods/>
					<lines>
						<line hits="1" number="5"/>
						<line hits="1" number="6"/>
						<line hits="1" number="7"/>
						<line branch="true" condition-coverage="50% (1/2)" hits="1" missing-branches="10" number="9"/>
						<line hits="0" number="10"/>
						<line hits="1" number="12"/>
						<line branch="true" condition-coverage="50% (1/2)" hits="1" missing-branches="17" number="14"/>
						<line hits="1" number="15"/>
						<line hits="1" number="17"/>
						<line hits="1" number="18"/>
						<line hits="1" number="19"/>
						<line hits="1" number="21"/>
						<line hits="1" number="22"/>
						<line hits="0" number="24"/>
						<line hits="1" number="25"/>
						<line hits="1" number="26"/>
						<line hits="1" number="28"/>
						<line hits="1" number="36"/>
						<line hits="1" number="38"/>
						<line hits="1" number="41"/>
						<line hits="1" number="43"/>
						<line hits="1" number="46"/>
						<line hits="1" number="48"/>
						<line hits="1" number="49"/>
						<line hits="1" number="52"/>
						<line hits="1" number="54"/>
						<line hits="1" number="57"/>
						<line hits="1" number="58"/>
						<line hits="1" number="59"/>
						<line hits="1" number="60"/>
						<line hits="1" number="61"/>
						<line hits="1" number="62"/>
						<line hits="1" number="63"/>
						<line hits="0" number="65"/>
						<line hits="0" number="66"/>
						<line hits="0" number="67"/>
						<line hits="0" number="68"/>
						<line hits="0" number="69"/>
						<line hits="1" number="70"/>
						<line hits="1" number="73"/>
						<line hits="1" number="74"/>
						<line hits="1" number="75"/>
						<line branch="true" condition-coverage="100% (2/2)" hits="1" number="77"/>
						<line hits="1" number="78"/>
						<line hits="1" number="80"/>
						<line branch="true" condition-coverage="50% (1/2)" hits="1" missing-branches="119" number="83"/>
						<line branch="true" condition-coverage="100% (2/2)" hits="1" number="84"/>
						<line hits="1" number="85"/>
						<line branch="true" condition-coverage="100% (2/2)" hits="1" number="88"/>
						<line hits="1" number="89"/>
						<line branch="true" condition-coverage="100% (2/2)" hits="1" number="90"/>
						<line hits="1" number="91"/>
						<line branch="true" condition-coverage="50% (1/2)" hits="1" missing-branches="94" number="93"/>
						<line hits="0" number="94"/>
						<line hits="1" number="96"/>
						<line branch="true" condition-coverage="100% (2/2)" hits="1" number="97"/>
						<line hits="1" number="98"/>
						<line branch="true" condition-coverage="100% (2/2)" hits="1" number="100"/>
						<line hits="1" number="101"/>
						<line hits="1" number="102"/>
						<line hits="1" number="103"/>
						<line hits="1" number="104"/>
						<line branch="true" condition-coverage="100% (2/2)" hits="1" number="107"/>
						<line hits="1" number="108"/>
						<line hits="1" number="111"/>
						<line branch="true" condition-coverage="50% (1/2)" hits="1" missing-branches="115" number="112"/>
						<line hits="1" number="113"/>
						<line branch="true" condition-coverage="0% (0/2)" hits="0" missing-branches="116,120" number="115"/>
						<line hits="0" number="116"/>
						<line hits="0" number="119"/>
						<line hits="1" number="120"/>
						<line hits="1" number="123"/>
						<line hits="1" number="125"/>
						<line hits="1" number="126"/>
						<line hits="1" number="127"/>
						<line hits="1" number="128"/>
						<line hits="1" number="130"/>
						<line hits="1" number="131"/>
						<line hits="1" number="132"/>
						<line hits="1" number="133"/>
						<line hits="1" number="134"/>
						<line hits="1" number="135"/>
						<line hits="0" number="136"/>
						<line hits="0" number="137"/>
						<line branch="true" condition-coverage="0% (0/2)" hits="0" missing-branches="139,141" number="138"/>
						<line hits="0" number="139"/>
						<line branch="true" condition-coverage="50% (1/2)" hits="1" missing-branches="146" number="141"/>
						<line branch="true" condition-coverage="100% (2/2)" hits="1" number="142"/>
						<line hits="1" number="143"/>
						<line hits="1" number="144"/>
						<line hits="1" number="146"/>
						<line hits="1" number="149"/>
						<line hits="1" number="150"/>
						<line branch="true" condition-coverage="50% (1/2)" hits="1" missing-branches="153" number="152"/>
						<line hits="0" number="153"/>
						<line hits="1" number="155"/>
						<line branch="true" condition-coverage="100% (2/2)" hits="1" number="158"/>
						<line branch="true" condition-coverage="50% (1/2)" hits="1" missing-branches="162" number="159"/>
						<line hits="1" number="160"/>
						<line hits="1" number="162"/>
						<line branch="true" condition-coverage="50% (1/2)" hits="1" missing-branches="166" number="165"/>
						<line hits="0" number="166"/>
						<line hits="0" number="167"/>
						<line hits="0" number="168"/>
						<line branch="true" condition-coverage="0% (0/2)" hits="0" missing-branches="172,174" number="171"/>
						<line hits="0" number="172"/>
						<line branch="true" condition-coverage="0% (0/2)" hits="0" missing-branches="175,177" number="174"/>
						<line hits="0" number="175"/>
						<line branch="true" condition-coverage="0% (0/2)" hits="0" missing-branches="178,198" number="177"/>
						<line hits="0" number="178"/>
						<line branch="true" condition-coverage="0% (0/2)" hits="0" missing-branches="180,194" number="179"/>
						<line branch="true" condition-coverage="0% (0/2)" hits="0" missing-branches="181,191" number="180"/>
						<line hits="0" number="181"/>
						<line branch="true" condition-coverage="0% (0/2)" hits="0" missing-branches="185,189" number="184"/>
						<line hits="0" number="185"/>
						<line branch="true" condition-coverage="0% (0/2)" hits="0" missing-branches="180,187" number="186"/>
						<line hits="0" number="187"/>
						<line branch="true" condition-coverage="0% (0/2)" hits="0" missing-branches="180,190" number="189"/>
						<line hits="0" number="190"/>
						<line hits="0" number="191"/>
						<line hits="0" number="192"/>
						<line branch="true" condition-coverage="0% (0/2)" hits="0" missing-branches="195,205" number="194"/>
						<line hits="0" number="195"/>
						<line branch="true" condition-coverage="0% (0/2)" hits="0" missing-branches="199,201" number="198"/>
						<line hits="0" number="199"/>
						<line branch="true" condition-coverage="0% (0/2)" hits="0" missing-branches="202,203" number="201"/>
						<line hits="0" number="202"/>
						<line hits="0" number="203"/>
						<line hits="0" number="205"/>
						<line branch="true" condition-coverage="50% (1/2)" hits="1" missing-branches="210" number="208"/>
						<line hits="1" number="209"/>
						<line hits="1" number="210"/>
						<line branch="true" condition-coverage="100% (2/2)" hits="1" number="213"/>
						<line hits="1" number="214"/>
						<line branch="true" condition-coverage="100% (2/2)" hits="1" number="215"/>
						<line hits="1" number="216"/>
						<line branch="true" condition-coverage="50% (1/2)" hits="1" missing-branches="213" number="218"/>
						<line hits="1" number="219"/>
						<line hits="1" number="221"/>
						<line hits="1" number="222"/>
						<line hits="1" number="225"/>
						<line hits="1" number="226"/>
						<line branch="true" condition-coverage="50% (1/2)" hits="1" missing-branches="229" number="228"/>
						<line hits="0" number="229"/>
						<line hits="1" number="232"/>
						<line hits="1" number="235"/>
						<line branch="true" condition-coverage="0% (0/2)" hits="0" missing-branches="exit,237" number="236"/>
						<line hits="0" number="237"/>
						<line hits="1" number="240"/>
						<line hits="0" number="241"/>
						<line hits="0" number="245"/>
						<line hits="0" number="246"/>
						<line hits="1" number="249"/>
						<line hits="1" number="250"/>
						<line branch="true" condition-coverage="50% (1/2)" hits="1" missing-branches="252" number="251"/>
						<line hits="0" number="252"/>
						<line branch="true" condition-coverage="50% (1/2)" hits="1" missing-branches="254" number="253"/>
						<line hits="0" number="254"/>
						<line branch="true" condition-coverage="100% (2/2)" hits="1" number="255"/>
						<line hits="1" number="256"/>
						<line branch="true" condition-coverage="50% (1/2)" hits="1" missing-branches="259" number="258"/>
						<line hits="0" number="259"/>
						<line hits="1" number="261"/>
						<line hits="1" number="265"/>
						<line hits="1" number="268"/>
						<line branch="true" condition-coverage="50% (1/2)" hits="1" missing-branches="exit" number="269"/>
						<line hits="1" number="270"/>
					</lines>
				</class>
			</classes>
		</package>
		<package branch-rate="0.4364" complexity="0" line-rate="0.5052" name="flambda_app">
			<classes>
				<class branch-rate="0.5" complexity="0" filename="flambda_app/__init__.py" line-rate="0.9412" name="__init__.py">
					<methods/>
					<lines>
						<line hits="1" number="5"/>
						<line hits="1" number="8"/>
						<line hits="1" number="12"/>
						<line hits="1" number="13"/>
						<line branch="true" condition-coverage="50% (1/2)" hits="1" missing-branches="19" number="16"/>
						<line hits="1" number="17"/>
						<line hits="0" number="19"/>
						<line hits="1" number="21"/>
						<line hits="1" number="22"/>
						<line hits="1" number="25"/>
						<line branch="true" condition-coverage="50% (1/2)" hits="1" missing-branches="30" number="27"/>
						<line hits="1" number="28"/>
						<line branch="true" condition-coverage="50% (1/2)" hits="1" missing-branches="33" number="30"/>
						<line hits="1" number="31"/>
						<line hits="1" number="33"/>
						<line hits="1" number="34"/>
						<line hits="1" number="35"/>
					</lines>
				</class>
				<class branch-rate="0.6875" complexity="0" filename="flambda_app/config.py" line-rate="0.8293" name="config.py">
					<methods/>
					<lines>
						<line hits="1" number="5"/>
						<line hits="1" number="6"/>
						<line hits="1" number="8"/>
						<line hits="1" number="10"/>
						<line branch="true" condition-coverage="100% (2/2)" hits="1" number="13"/>
						<line hits="1" number="18"/>
						<line hits="1" number="19"/>
						<line hits="1" number="21"/>
						<line hits="1" number="23"/>
						<line hits="1" number="24"/>
						<line hits="1" number="27"/>
						<line branch="true" condition-coverage="100% (2/2)" hits="1" number="28"/>
						<line hits="1" number="29"/>
						<line hits="1" number="30"/>
						<line hits="1" number="32"/>
						<line branch="true" condition-coverage="100% (2/2)" hits="1" number="33"/>
						<line branch="true" condition-coverage="100% (2/2)" hits="1" number="34"/>
						<line hits="1" number="36"/>
						<line branch="true" condition-coverage="50% (1/2)" hits="1" missing-branches="39" number="37"/>
						<line hits="1" number="38"/>
						<line branch="true" condition-coverage="0% (0/2)" hits="0" missing-branches="40,44" number="39"/>
						<line hits="0" number="40"/>
						<line hits="0" number="41"/>
						<line hits="0" number="42"/>
						<line hits="0" number="44"/>
						<line hits="1" number="46"/>
						<line branch="true" condition-coverage="0% (0/2)" hits="0" missing-branches="exit,48" number="47"/>
						<line hits="0" number="48"/>
						<line hits="1" number="50"/>
						<line hits="1" number="51"/>
						<line hits="1" number="53"/>
						<line hits="1" number="55"/>
						<line hits="1" number="56"/>
						<line hits="1" number="59"/>
						<line hits="1" number="61"/>
						<line hits="1" number="64"/>
						<line branch="true" condition-coverage="100% (2/2)" hits="1" number="66"/>
						<line hits="1" number="67"/>
						<line hits="1" number="68"/>
						<line hits="1" number="70"/>
						<line hits="1" number="71"/>
					</lines>
				</class>
				<class branch-rate="1" complexity="0" filename="flambda_app/constants.py" line-rate="1" name="constants.py">
					<methods/>
					<lines>
						<line hits="1" number="5"/>
						<line hits="1" number="6"/>
						<line hits="1" number="7"/>
					</lines>
				</class>
				<class branch-rate="0.5833" complexity="0" filename="flambda_app/exceptions.py" line-rate="0.2987" name="exceptions.py">
					<methods/>
					<lines>
						<line hits="1" number="5"/>
						<line hits="1" number="7"/>
						<line branch="true" condition-coverage="100% (2/2)" hits="1" number="10"/>
						<line hits="1" number="11"/>
						<line hits="0" number="17"/>
						<line hits="0" number="18"/>
						<line hits="0" number="19"/>
						<line hits="0" number="20"/>
						<line hits="0" number="21"/>
						<line hits="1" number="23"/>
						<line branch="true" condition-coverage="0% (0/2)" hits="0" missing-branches="25,31" number="24"/>
						<line hits="0" number="25"/>
						<line branch="true" condition-coverage="0% (0/2)" hits="0" missing-branches="27,29" number="26"/>
						<line hits="0" number="27"/>
						<line hits="0" number="29"/>
						<line hits="0" number="31"/>
						<line hits="1" number="33"/>
						<line branch="true" condition-coverage="0% (0/2)" hits="0" missing-branches="35,37" number="34"/>
						<line hits="0" number="35"/>
						<line hits="0" number="37"/>
						<line branch="true" condition-coverage="0% (0/2)" hits="0" missing-branches="40,42" number="39"/>
						<line hits="0" number="40"/>
						<line branch="true" condition-coverage="0% (0/2)" hits="0" missing-branches="43,45" number="42"/>
						<line hits="0" number="43"/>
						<line hits="0" number="45"/>
						<line hits="1" number="47"/>
						<line hits="0" number="48"/>
						<line hits="1" number="50"/>
						<line hits="0" number="51"/>
						<line hits="1" number="53"/>
						<line hits="0" number="54"/>
						<line hits="1" number="56"/>
						<line hits="0" number="57"/>
						<line hits="1" number="59"/>
						<line hits="0" number="60"/>
						<line branch="true" condition-coverage="100% (2/2)" hits="1" number="63"/>
						<line hits="1" number="64"/>
						<line hits="0" number="69"/>
						<line hits="0" number="70"/>
						<line hits="0" number="71"/>
						<line hits="0" number="72"/>
						<line hits="0" number="73"/>
						<line branch="true" condition-coverage="100% (2/2)" hits="1" number="76"/>
						<line hits="1" number="77"/>
						<line hits="0" number="82"/>
						<line hits="0" number="83"/>
						<line hits="0" number="84"/>
						<line hits="0" number="85"/>
						<line hits="0" number="86"/>
						<line branch="true" condition-coverage="100% (2/2)" hits="1" number="89"/>
						<line hits="1" number="90"/>
						<line hits="0" number="95"/>
						<line hits="0" number="96"/>
						<line hits="0" number="97"/>
						<line hits="0" number="98"/>
						<line hits="0" number="99"/>
						<line branch="true" condition-coverage="100% (2/2)" hits="1" number="102"/>
						<line hits="1" number="103"/>
						<line hits="0" number="108"/>
						<line hits="0" number="109"/>
						<line hits="0" number="110"/>
						<line hits="0" number="111"/>
						<line hits="0" number="112"/>
						<line branch="true" condition-coverage="100% (2/2)" hits="1" number="115"/>
						<line hits="1" number="116"/>
						<line hits="0" number="121"/>
						<line hits="0" number="122"/>
						<line hits="0" number="123"/>
						<line hits="0" number="124"/>
						<line hits="0" number="125"/>
						<line branch="true" condition-coverage="100% (2/2)" hits="1" number="128"/>
						<line hits="1" number="129"/>
						<line hits="0" number="134"/>
						<line hits="0" number="135"/>
						<line hits="0" number="136"/>
						<line hits="0" number="137"/>
						<line hits="0" number="138"/>
					</lines>
				</class>
				<class branch-rate="0" complexity="0" filename="flambda_app/filter_helper.py" line-rate="0.1613" name="filter_helper.py">
					<methods/>
					<lines>
						<line hits="1" number="5"/>
						<line hits="1" number="7"/>
						<line hits="1" number="10"/>
						<line hits="0" number="11"/>
						<line hits="0" number="12"/>
						<line branch="true" condition-coverage="0% (0/2)" hits="0" missing-branches="14,15" number="13"/>
						<line hits="0" number="14"/>
						<line branch="true" condition-coverage="0% (0/2)" hits="0" missing-branches="16,17" number="15"/>
						<line hits="0" number="16"/>
						<line hits="0" number="17"/>
						<line hits="1" number="20"/>
						<line hits="0" number="21"/>
						<line hits="0" number="22"/>
						<line branch="true" condition-coverage="0% (0/2)" hits="0" missing-branches="24,25" number="23"/>
						<line hits="0" number="24"/>
						<line hits="0" number="25"/>
						<line hits="1" number="28"/>
						<line hits="0" number="29"/>
						<line branch="true" condition-coverage="0% (0/2)" hits="0" missing-branches="31,43" number="30"/>
						<line hits="0" number="31"/>
						<line branch="true" condition-coverage="0% (0/2)" hits="0" missing-branches="33,41" number="32"/>
						<line branch="true" condition-coverage="0% (0/2)" hits="0" missing-branches="34,36" number="33"/>
						<line hits="0" number="34"/>
						<line hits="0" number="36"/>
						<line hits="0" number="37"/>
						<line branch="true" condition-coverage="0% (0/2)" hits="0" missing-branches="32,39" number="38"/>
						<line hits="0" number="39"/>
						<line hits="0" number="40"/>
						<line branch="true" condition-coverage="0% (0/2)" hits="0" missing-branches="42,43" number="41"/>
						<line hits="0" number="42"/>
						<line hits="0" number="43"/>
					</lines>
				</class>
				<class branch-rate="0.5" complexity="0" filename="flambda_app/flambda.py" line-rate="0.625" name="flambda.py">
					<methods/>
					<lines>
						<line hits="1" number="5"/>
						<line hits="1" number="7"/>
						<line hits="1" number="11"/>
						<line branch="true" condition-coverage="100% (2/2)" hits="1" number="13"/>
						<line hits="1" number="14"/>
						<line hits="0" number="15"/>
						<line branch="true" condition-coverage="0% (0/2)" hits="0" missing-branches="exit,17" number="16"/>
						<line hits="0" number="17"/>
					</lines>
				</class>
				<class branch-rate="0.2973" complexity="0" filename="flambda_app/helper.py" line-rate="0.4611" name="helper.py">
					<methods/>
					<lines>
						<line hits="1" number="5"/>
						<line hits="1" number="6"/>
						<line hits="1" number="7"/>
						<line hits="1" number="8"/>
						<line hits="1" number="9"/>
						<line hits="1" number="10"/>
						<line hits="1" number="11"/>
						<line hits="1" number="12"/>
						<line hits="1" number="13"/>
						<line hits="1" number="15"/>
						<line hits="1" number="17"/>
						<line hits="1" number="19"/>
						<line hits="1" number="22"/>
						<line hits="0" number="23"/>
						<line hits="1" number="26"/>
						<line hits="0" number="27"/>
						<line hits="0" number="28"/>
						<line hits="1" number="31"/>
						<line branch="true" condition-coverage="50% (1/2)" hits="1" missing-branches="35" number="32"/>
						<line hits="1" number="33"/>
						<line hits="0" number="35"/>
						<line hits="1" number="37"/>
						<line branch="true" condition-coverage="50% (1/2)" hits="1" missing-branches="exit" number="44"/>
						<line hits="1" number="45"/>
						<line branch="true" condition-coverage="50% (1/2)" hits="1" missing-branches="44" number="46"/>
						<line hits="1" number="47"/>
						<line hits="1" number="50"/>
						<line hits="0" number="51"/>
						<line branch="true" condition-coverage="0% (0/2)" hits="0" missing-branches="53,54" number="52"/>
						<line hits="0" number="53"/>
						<line branch="true" condition-coverage="0% (0/2)" hits="0" missing-branches="55,56" number="54"/>
						<line hits="0" number="55"/>
						<line branch="true" condition-coverage="0% (0/2)" hits="0" missing-branches="57,58" number="56"/>
						<line hits="0" number="57"/>
						<line branch="true" condition-coverage="0% (0/2)" hits="0" missing-branches="59,60" number="58"/>
						<line hits="0" number="59"/>
						<line branch="true" condition-coverage="0% (0/2)" hits="0" missing-branches="61,62" number="60"/>
						<line hits="0" number="61"/>
						<line hits="0" number="62"/>
						<line hits="1" number="65"/>
						<line hits="1" number="66"/>
						<line branch="true" condition-coverage="100% (2/2)" hits="1" number="67"/>
						<line hits="1" number="68"/>
						<line hits="0" number="69"/>
						<line hits="0" number="70"/>
						<line hits="1" number="73"/>
						<line hits="1" number="74"/>
						<line branch="true" condition-coverage="50% (1/2)" hits="1" missing-branches="76" number="75"/>
						<line branch="true" condition-coverage="0% (0/2)" hits="0" missing-branches="exit,exit" number="76"/>
						<line hits="1" number="78"/>
						<line branch="true" condition-coverage="100% (2/2)" hits="1" number="79"/>
						<line branch="true" condition-coverage="50% (1/2)" hits="1" missing-branches="81" number="80"/>
						<line hits="0" number="81"/>
						<line branch="true" condition-coverage="50% (1/2)" hits="1" missing-branches="84" number="82"/>
						<line hits="0" number="84"/>
						<line hits="1" number="86"/>
						<line hits="1" number="87"/>
						<line hits="1" number="90"/>
						<line hits="1" number="91"/>
						<line hits="1" number="94"/>
						<line hits="1" number="95"/>
						<line branch="true" condition-coverage="50% (1/2)" hits="1" missing-branches="98" number="96"/>
						<line hits="1" number="97"/>
						<line hits="1" number="98"/>
						<line hits="1" number="101"/>
						<line hits="0" number="108"/>
						<line hits="0" number="109"/>
						<line hits="0" number="110"/>
						<line hits="0" number="111"/>
						<line hits="0" number="112"/>
						<line hits="0" number="114"/>
						<line hits="1" number="117"/>
						<line hits="0" number="124"/>
						<line hits="0" number="125"/>
						<line hits="0" number="126"/>
						<line hits="0" number="127"/>
						<line hits="0" number="128"/>
						<line hits="0" number="130"/>
						<line hits="1" number="133"/>
						<line hits="0" number="134"/>
						<line hits="1" number="137"/>
						<line hits="0" number="138"/>
						<line hits="1" number="141"/>
						<line hits="0" number="142"/>
						<line hits="1" number="145"/>
						<line hits="0" number="146"/>
						<line hits="1" number="149"/>
						<line hits="0" number="150"/>
						<line hits="0" number="151"/>
						<line hits="0" number="152"/>
						<line hits="1" number="156"/>
						<line hits="0" number="157"/>
						<line hits="0" number="158"/>
						<line hits="0" number="159"/>
						<line hits="0" number="160"/>
						<line hits="1" number="164"/>
						<line hits="0" number="165"/>
						<line branch="true" condition-coverage="0% (0/2)" hits="0" missing-branches="167,168" number="166"/>
						<line hits="0" number="167"/>
						<line hits="0" number="168"/>
						<line hits="1" number="171"/>
						<line hits="0" number="172"/>
						<line branch="true" condition-coverage="0% (0/2)" hits="0" missing-branches="174,175" number="173"/>
						<line hits="0" number="174"/>
						<line hits="0" number="175"/>
						<line hits="1" number="178"/>
						<line hits="0" number="179"/>
						<line hits="0" number="180"/>
						<line hits="1" number="183"/>
						<line branch="true" condition-coverage="50% (1/2)" hits="1" missing-branches="190" number="189"/>
						<line hits="0" number="190"/>
						<line hits="1" number="191"/>
						<line branch="true" condition-coverage="50% (1/2)" hits="1" missing-branches="194" number="193"/>
						<line hits="0" number="194"/>
						<line branch="true" condition-coverage="50% (1/2)" hits="1" missing-branches="198" number="195"/>
						<line branch="true" condition-coverage="100% (2/2)" hits="1" number="196"/>
						<line hits="0" number="198"/>
						<line branch="true" condition-coverage="100% (2/2)" hits="1" number="199"/>
						<line hits="1" number="200"/>
						<line branch="true" condition-coverage="100% (2/2)" hits="1" number="201"/>
						<line hits="1" number="202"/>
						<line hits="1" number="205"/>
						<line hits="1" number="206"/>
						<line hits="1" number="209"/>
						<line branch="true" condition-coverage="0% (0/2)" hits="0" missing-branches="211,213" number="210"/>
						<line hits="0" number="211"/>
						<line hits="0" number="213"/>
						<line hits="1" number="216"/>
						<line branch="true" condition-coverage="50% (1/2)" hits="1" missing-branches="218" number="217"/>
						<line hits="0" number="218"/>
						<line branch="true" condition-coverage="0% (0/2)" hits="0" missing-branches="220,222" number="219"/>
						<line hits="0" number="220"/>
						<line hits="0" number="222"/>
						<line hits="1" number="224"/>
						<line hits="1" number="227"/>
						<line branch="true" condition-coverage="0% (0/2)" hits="0" missing-branches="exit,229" number="228"/>
						<line branch="true" condition-coverage="0% (0/2)" hits="0" missing-branches="exit,230" number="229"/>
						<line hits="0" number="230"/>
						<line hits="0" number="231"/>
						<line branch="true" condition-coverage="0% (0/2)" hits="0" missing-branches="229,233" number="232"/>
						<line branch="true" condition-coverage="0% (0/2)" hits="0" missing-branches="234,235" number="233"/>
						<line hits="0" number="234"/>
						<line hits="0" number="235"/>
						<line hits="0" number="236"/>
						<line hits="0" number="237"/>
						<line hits="1" number="240"/>
						<line branch="true" condition-coverage="0% (0/2)" hits="0" missing-branches="exit,242" number="241"/>
						<line branch="true" condition-coverage="0% (0/2)" hits="0" missing-branches="exit,243" number="242"/>
						<line hits="0" number="243"/>
						<line hits="0" number="244"/>
						<line branch="true" condition-coverage="0% (0/2)" hits="0" missing-branches="242,247" number="245"/>
						<line hits="0" number="247"/>
						<line hits="0" number="248"/>
						<line hits="0" number="249"/>
						<line hits="0" number="250"/>
						<line hits="1" number="253"/>
						<line hits="1" number="254"/>
						<line branch="true" condition-coverage="50% (1/2)" hits="1" missing-branches="256" number="255"/>
						<line hits="0" number="256"/>
						<line hits="1" number="257"/>
						<line hits="1" number="260"/>
						<line hits="0" number="261"/>
						<line branch="true" condition-coverage="0% (0/2)" hits="0" missing-branches="263,267" number="262"/>
						<line branch="true" condition-coverage="0% (0/2)" hits="0" missing-branches="264,267" number="263"/>
						<line branch="true" condition-coverage="0% (0/2)" hits="0" missing-branches="263,265" number="264"/>
						<line hits="0" number="265"/>
						<line hits="0" number="267"/>
					</lines>
				</class>
				<class branch-rate="0.1875" complexity="0" filename="flambda_app/http_helper.py" line-rate="0.2857" name="http_helper.py">
					<methods/>
					<lines>
						<line hits="1" number="5"/>
						<line hits="1" number="6"/>
						<line hits="1" number="11"/>
						<line hits="1" number="21"/>
						<line hits="0" number="22"/>
						<line branch="true" condition-coverage="0% (0/2)" hits="0" missing-branches="24,25" number="23"/>
						<line hits="0" number="24"/>
						<line hits="0" number="25"/>
						<line hits="1" number="28"/>
						<line hits="0" number="31"/>
						<line branch="true" condition-coverage="0% (0/2)" hits="0" missing-branches="33,38" number="32"/>
						<line hits="0" number="33"/>
						<line branch="true" condition-coverage="0% (0/2)" hits="0" missing-branches="35,38" number="34"/>
						<line hits="0" number="35"/>
						<line branch="true" condition-coverage="0% (0/2)" hits="0" missing-branches="34,37" number="36"/>
						<line hits="0" number="37"/>
						<line hits="0" number="38"/>
						<line hits="1" number="41"/>
						<line branch="true" condition-coverage="50% (1/2)" hits="1" missing-branches="44" number="42"/>
						<line hits="1" number="43"/>
						<line branch="true" condition-coverage="50% (1/2)" hits="1" missing-branches="45" number="44"/>
						<line branch="true" condition-coverage="0% (0/2)" hits="0" missing-branches="46,48" number="45"/>
						<line hits="0" number="46"/>
						<line hits="0" number="48"/>
						<line hits="0" number="49"/>
						<line branch="true" condition-coverage="50% (1/2)" hits="1" missing-branches="53" number="51"/>
						<line hits="1" number="52"/>
						<line hits="1" number="53"/>
						<line hits="1" number="56"/>
						<line hits="0" number="57"/>
						<line hits="0" number="58"/>
						<line hits="0" number="59"/>
						<line hits="0" number="60"/>
						<line hits="0" number="61"/>
						<line hits="0" number="62"/>
						<line hits="0" number="63"/>
						<line hits="0" number="64"/>
						<line hits="0" number="65"/>
						<line hits="0" number="66"/>
						<line hits="1" number="69"/>
						<line hits="0" number="70"/>
						<line hits="0" number="71"/>
						<line hits="0" number="72"/>
						<line hits="0" number="73"/>
						<line hits="0" number="74"/>
						<line hits="0" number="75"/>
						<line hits="0" number="76"/>
						<line hits="0" number="77"/>
						<line hits="0" number="78"/>
						<line hits="0" number="79"/>
						<line hits="0" number="80"/>
						<line hits="0" number="81"/>
						<line hits="1" number="84"/>
						<line hits="0" number="85"/>
						<line hits="1" number="97"/>
						<line hits="0" number="98"/>
					</lines>
				</class>
				<class branch-rate="0.6452" complexity="0" filename="flambda_app/logging.py" line-rate="0.6486" name="logging.py">
					<methods/>
					<lines>
						<line hits="1" number="5"/>
						<line hits="1" number="6"/>
						<line hits="1" number="8"/>
						<line hits="1" number="11"/>
						<line hits="1" number="12"/>
						<line branch="true" condition-coverage="50% (1/2)" hits="1" missing-branches="14" number="13"/>
						<line hits="0" number="14"/>
						<line branch="true" condition-coverage="50% (1/2)" hits="1" missing-branches="16" number="15"/>
						<line hits="0" number="16"/>
						<line branch="true" condition-coverage="50% (1/2)" hits="1" missing-branches="18" number="17"/>
						<line hits="0" number="18"/>
						<line hits="1" number="19"/>
						<line hits="1" number="22"/>
						<line hits="1" number="23"/>
						<line branch="true" condition-coverage="100% (2/2)" hits="1" number="31"/>
						<line hits="1" number="32"/>
						<line hits="1" number="33"/>
						<line hits="1" number="34"/>
						<line hits="1" number="35"/>
						<line hits="1" number="38"/>
						<line hits="1" number="41"/>
						<line hits="1" number="43"/>
						<line hits="1" number="46"/>
						<line hits="0" number="48"/>
						<line hits="1" number="51"/>
						<line hits="1" number="53"/>
						<line hits="1" number="56"/>
						<line hits="0" number="58"/>
						<line hits="1" number="61"/>
						<line hits="0" number="63"/>
						<line hits="1" number="66"/>
						<line hits="1" number="67"/>
						<line hits="1" number="69"/>
						<line hits="1" number="72"/>
						<line hits="0" number="73"/>
						<line hits="0" number="74"/>
						<line hits="0" number="75"/>
						<line hits="0" number="76"/>
						<line hits="0" number="77"/>
						<line hits="0" number="78"/>
						<line branch="true" condition-coverage="0% (0/2)" hits="0" missing-branches="80,81" number="79"/>
						<line hits="0" number="80"/>
						<line hits="0" number="81"/>
						<line hits="0" number="82"/>
						<line hits="1" number="85"/>
						<line hits="0" number="86"/>
						<line hits="0" number="87"/>
						<line hits="0" number="88"/>
						<line hits="0" number="89"/>
						<line hits="0" number="90"/>
						<line hits="0" number="91"/>
						<line hits="0" number="93"/>
						<line hits="1" number="96"/>
						<line hits="0" number="97"/>
						<line hits="1" number="100"/>
						<line hits="1" number="102"/>
						<line branch="true" condition-coverage="50% (1/2)" hits="1" missing-branches="104" number="103"/>
						<line branch="true" condition-coverage="0% (0/2)" hits="0" missing-branches="103,105" number="104"/>
						<line hits="0" number="105"/>
						<line hits="0" number="106"/>
						<line branch="true" condition-coverage="50% (1/2)" hits="1" missing-branches="119" number="108"/>
						<line branch="true" condition-coverage="100% (2/2)" hits="1" number="109"/>
						<line branch="true" condition-coverage="50% (1/2)" hits="1" missing-branches="109" number="110"/>
						<line branch="true" condition-coverage="50% (1/2)" hits="1" missing-branches="115" number="111"/>
						<line hits="1" number="112"/>
						<line branch="true" condition-coverage="0% (0/2)" hits="0" missing-branches="109,116" number="115"/>
						<line hits="0" number="116"/>
						<line hits="0" number="117"/>
						<line branch="true" condition-coverage="50% (1/2)" hits="1" missing-branches="120" number="119"/>
						<line hits="0" number="120"/>
						<line hits="0" number="121"/>
						<line hits="0" number="122"/>
						<line hits="1" number="123"/>
						<line hits="1" number="126"/>
						<line hits="1" number="128"/>
						<line hits="1" number="129"/>
						<line branch="true" condition-coverage="100% (2/2)" hits="1" number="131"/>
						<line hits="1" number="132"/>
						<line branch="true" condition-coverage="100% (2/2)" hits="1" number="134"/>
						<line hits="1" number="135"/>
						<line hits="1" number="136"/>
						<line branch="true" condition-coverage="100% (2/2)" hits="1" number="138"/>
						<line hits="1" number="139"/>
						<line hits="1" number="141"/>
						<line hits="1" number="142"/>
						<line hits="1" number="143"/>
						<line branch="true" condition-coverage="100% (2/2)" hits="1" number="146"/>
						<line hits="1" number="147"/>
						<line hits="1" number="150"/>
						<line branch="true" condition-coverage="100% (2/2)" hits="1" number="153"/>
						<line hits="1" number="154"/>
						<line hits="1" number="157"/>
						<line hits="1" number="163"/>
						<line hits="1" number="165"/>
						<line hits="1" number="167"/>
						<line hits="1" number="169"/>
						<line hits="1" number="172"/>
						<line hits="1" number="174"/>
						<line branch="true" condition-coverage="100% (2/2)" hits="1" number="175"/>
						<line hits="1" number="176"/>
						<line branch="true" condition-coverage="50% (1/2)" hits="1" missing-branches="175" number="177"/>
						<line hits="1" number="178"/>
						<line hits="0" number="179"/>
						<line hits="0" number="180"/>
						<line hits="1" number="182"/>
						<line hits="1" number="185"/>
						<line branch="true" condition-coverage="100% (2/2)" hits="1" number="187"/>
						<line hits="1" number="189"/>
						<line hits="1" number="190"/>
						<line hits="1" number="192"/>
						<line hits="1" number="195"/>
						<line hits="1" number="197"/>
						<line branch="true" condition-coverage="100% (2/2)" hits="1" number="198"/>
						<line hits="1" number="199"/>
						<line branch="true" condition-coverage="100% (2/2)" hits="1" number="201"/>
						<line hits="1" number="202"/>
						<line hits="1" number="203"/>
						<line branch="true" condition-coverage="100% (2/2)" hits="1" number="205"/>
						<line hits="1" number="206"/>
						<line branch="true" condition-coverage="50% (1/2)" hits="1" missing-branches="209" number="208"/>
						<line hits="0" number="209"/>
						<line hits="1" number="211"/>
						<line hits="1" number="212"/>
						<line branch="true" condition-coverage="50% (1/2)" hits="1" missing-branches="215" number="214"/>
						<line hits="0" number="215"/>
						<line branch="true" condition-coverage="0% (0/2)" hits="0" missing-branches="218,220" number="217"/>
						<line hits="0" number="218"/>
						<line hits="0" number="220"/>
						<line hits="1" number="223"/>
						<line hits="0" number="225"/>
						<line hits="0" number="226"/>
						<line hits="1" number="229"/>
						<line hits="1" number="230"/>
						<line branch="true" condition-coverage="50% (1/2)" hits="1" missing-branches="233" number="232"/>
						<line branch="true" condition-coverage="0% (0/2)" hits="0" missing-branches="232,234" number="233"/>
						<line hits="0" number="234"/>
						<line branch="true" condition-coverage="100% (2/2)" hits="1" number="237"/>
						<line branch="true" condition-coverage="100% (2/2)" hits="1" number="238"/>
						<line hits="1" number="239"/>
						<line hits="0" number="240"/>
						<line hits="0" number="241"/>
						<line hits="1" number="244"/>
						<line hits="0" number="245"/>
						<line hits="0" number="246"/>
						<line hits="0" number="247"/>
						<line hits="0" number="248"/>
						<line hits="0" number="249"/>
						<line hits="0" number="250"/>
					</lines>
				</class>
				<class branch-rate="0.4444" complexity="0" filename="flambda_app/request_control.py" line-rate="0.5714" name="request_control.py">
					<methods/>
					<lines>
						<line hits="1" number="5"/>
						<line branch="true" condition-coverage="100% (2/2)" hits="1" number="8"/>
						<line hits="1" number="9"/>
						<line hits="1" number="10"/>
						<line branch="true" condition-coverage="100% (2/2)" hits="1" number="13"/>
						<line hits="1" number="16"/>
						<line hits="1" number="17"/>
						<line hits="1" number="19"/>
						<line hits="1" number="26"/>
						<line branch="true" condition-coverage="50% (1/2)" hits="1" missing-branches="28" number="27"/>
						<line branch="true" condition-coverage="0% (0/2)" hits="0" missing-branches="29,30" number="28"/>
						<line hits="0" number="29"/>
						<line branch="true" condition-coverage="0% (0/2)" hits="0" missing-branches="31,40" number="30"/>
						<line hits="0" number="31"/>
						<line branch="true" condition-coverage="50% (1/2)" hits="1" missing-branches="34" number="33"/>
						<line hits="0" number="34"/>
						<line hits="0" number="35"/>
						<line branch="true" condition-coverage="0% (0/2)" hits="0" missing-branches="37,39" number="36"/>
						<line hits="0" number="37"/>
						<line hits="0" number="39"/>
						<line hits="1" number="40"/>
						<line branch="true" condition-coverage="100% (2/2)" hits="1" number="43"/>
						<line hits="1" number="44"/>
						<line hits="1" number="45"/>
						<line hits="1" number="47"/>
						<line branch="true" condition-coverage="0% (0/2)" hits="0" missing-branches="50,51" number="49"/>
						<line hits="0" number="50"/>
						<line hits="0" number="51"/>
					</lines>
				</class>
			</classes>
		</package>
		<package branch-rate="0.3125" complexity="0" line-rate="0.4264" name="flambda_app.aws">
			<classes>
				<class branch-rate="0" complexity="0" filename="flambda_app/aws/__init__.py" line-rate="0.125" name="__init__.py">
					<methods/>
					<lines>
						<line hits="1" number="7"/>
						<line hits="0" number="8"/>
						<line branch="true" condition-coverage="0% (0/2)" hits="0" missing-branches="exit,12" number="10"/>
						<line hits="0" number="12"/>
						<line hits="0" number="13"/>
						<line hits="0" number="14"/>
						<line hits="0" number="15"/>
						<line hits="0" number="18"/>
					</lines>
				</class>
				<class branch-rate="0.6667" complexity="0" filename="flambda_app/aws/opensearch.py" line-rate="0.9048" name="opensearch.py">
					<methods/>
					<lines>
						<line hits="1" number="5"/>
						<line hits="1" number="6"/>
						<line hits="1" number="7"/>
						<line hits="1" number="9"/>
						<line hits="1" number="12"/>
						<line hits="1" number="13"/>
						<line branch="true" condition-coverage="50% (1/2)" hits="1" missing-branches="15" number="14"/>
						<line hits="0" number="15"/>
						<line hits="1" number="16"/>
						<line hits="1" number="19"/>
						<line hits="1" number="20"/>
						<line hits="1" number="21"/>
						<line branch="true" condition-coverage="50% (1/2)" hits="1" missing-branches="24" number="23"/>
						<line hits="0" number="24"/>
						<line hits="1" number="32"/>
						<line branch="true" condition-coverage="100% (2/2)" hits="1" number="38"/>
						<line hits="1" number="39"/>
						<line hits="1" number="41"/>
						<line hits="1" number="43"/>
						<line hits="1" number="44"/>
						<line hits="1" number="45"/>
					</lines>
				</class>
				<class branch-rate="0.3333" complexity="0" filename="flambda_app/aws/secrets.py" line-rate="0.2273" name="secrets.py">
					<methods/>
					<lines>
						<line hits="1" number="5"/>
						<line hits="1" number="7"/>
						<line hits="1" number="8"/>
						<line hits="1" number="9"/>
						<line hits="1" number="11"/>
						<line hits="1" number="12"/>
						<line branch="true" condition-coverage="100% (2/2)" hits="1" number="15"/>
						<line hits="1" number="16"/>
						<line hits="0" number="22"/>
						<line hits="0" number="24"/>
						<line hits="0" number="26"/>
						<line hits="0" number="28"/>
						<line hits="0" number="31"/>
						<line hits="1" number="34"/>
						<line hits="0" number="35"/>
						<line hits="0" number="36"/>
						<line hits="0" number="37"/>
						<line hits="0" number="38"/>
						<line hits="0" number="39"/>
						<line hits="0" number="41"/>
						<line hits="0" number="42"/>
						<line hits="0" number="43"/>
						<line hits="0" number="44"/>
						<line branch="true" condition-coverage="0% (0/2)" hits="0" missing-branches="47,55" number="46"/>
						<line hits="0" number="47"/>
						<line hits="0" number="49"/>
						<line hits="0" number="55"/>
						<line hits="0" number="60"/>
						<line hits="0" number="61"/>
						<line hits="0" number="62"/>
						<line hits="0" number="63"/>
						<line hits="1" number="65"/>
						<line hits="0" number="66"/>
						<line hits="0" number="67"/>
						<line hits="0" number="68"/>
						<line branch="true" condition-coverage="0% (0/2)" hits="0" missing-branches="72,74" number="71"/>
						<line hits="0" number="72"/>
						<line hits="0" number="74"/>
						<line hits="0" number="75"/>
						<line hits="0" number="76"/>
						<line hits="0" number="77"/>
						<line hits="0" number="78"/>
						<line hits="0" number="79"/>
						<line hits="0" number="80"/>
					</lines>
				</class>
				<class branch-rate="0.2647" complexity="0" filename="flambda_app/aws/sqs.py" line-rate="0.4355" name="sqs.py">
					<methods/>
					<lines>
						<line hits="1" number="5"/>
						<line hits="1" number="6"/>
						<line hits="1" number="8"/>
						<line hits="1" number="9"/>
						<line hits="1" number="10"/>
						<line hits="1" number="11"/>
						<line hits="1" number="12"/>
						<line hits="1" number="13"/>
						<line hits="1" number="15"/>
						<line hits="1" number="16"/>
						<line branch="true" condition-coverage="100% (2/2)" hits="1" number="19"/>
						<line hits="1" number="21"/>
						<line hits="1" number="23"/>
						<line hits="1" number="25"/>
						<line hits="1" number="27"/>
						<line hits="1" number="29"/>
						<line hits="1" number="32"/>
						<line hits="1" number="35"/>
						<line hits="1" number="36"/>
						<line hits="1" number="38"/>
						<line hits="1" number="40"/>
						<line hits="1" number="42"/>
						<line hits="1" number="44"/>
						<line branch="true" condition-coverage="50% (1/2)" hits="1" missing-branches="97" number="45"/>
						<line hits="1" number="46"/>
						<line hits="1" number="48"/>
						<line hits="1" number="49"/>
						<line hits="1" number="50"/>
						<line branch="true" condition-coverage="50% (1/2)" hits="1" missing-branches="60" number="52"/>
						<line hits="1" number="53"/>
						<line hits="1" number="54"/>
						<line hits="0" number="60"/>
						<line hits="1" number="66"/>
						<line branch="true" condition-coverage="50% (1/2)" hits="1" missing-branches="78" number="69"/>
						<line hits="1" number="70"/>
						<line hits="0" number="71"/>
						<line branch="true" condition-coverage="0% (0/2)" hits="0" missing-branches="73,75" number="72"/>
						<line hits="0" number="73"/>
						<line hits="0" number="75"/>
						<line hits="0" number="76"/>
						<line hits="1" number="78"/>
						<line hits="1" number="79"/>
						<line branch="true" condition-coverage="50% (1/2)" hits="1" missing-branches="81" number="80"/>
						<line hits="0" number="81"/>
						<line hits="0" number="82"/>
						<line branch="true" condition-coverage="0% (0/2)" hits="0" missing-branches="84,89" number="83"/>
						<line hits="0" number="84"/>
						<line hits="0" number="85"/>
						<line hits="0" number="86"/>
						<line hits="0" number="87"/>
						<line hits="0" number="89"/>
						<line hits="0" number="90"/>
						<line branch="true" condition-coverage="0% (0/2)" hits="0" missing-branches="93,97" number="92"/>
						<line hits="0" number="93"/>
						<line hits="0" number="94"/>
						<line hits="0" number="95"/>
						<line hits="0" number="96"/>
						<line hits="1" number="97"/>
						<line hits="1" number="99"/>
						<line branch="true" condition-coverage="50% (1/2)" hits="1" missing-branches="102" number="100"/>
						<line hits="1" number="101"/>
						<line hits="1" number="102"/>
						<line branch="true" condition-coverage="50% (1/2)" hits="1" missing-branches="104" number="103"/>
						<line hits="0" number="104"/>
						<line hits="1" number="105"/>
						<line hits="1" number="107"/>
						<line hits="1" number="109"/>
						<line branch="true" condition-coverage="50% (1/2)" hits="1" missing-branches="119" number="112"/>
						<line hits="1" number="113"/>
						<line hits="1" number="114"/>
						<line hits="0" number="115"/>
						<line hits="0" number="116"/>
						<line hits="0" number="117"/>
						<line hits="1" number="119"/>
						<line hits="0" number="120"/>
						<line hits="0" number="121"/>
						<line hits="0" number="122"/>
						<line hits="0" number="123"/>
						<line hits="1" number="125"/>
						<line hits="1" number="127"/>
						<line branch="true" condition-coverage="0% (0/2)" hits="0" missing-branches="129,130" number="128"/>
						<line hits="0" number="129"/>
						<line hits="0" number="130"/>
						<line branch="true" condition-coverage="0% (0/2)" hits="0" missing-branches="132,133" number="131"/>
						<line hits="0" number="132"/>
						<line hits="0" number="133"/>
						<line hits="0" number="135"/>
						<line hits="0" number="137"/>
						<line hits="0" number="140"/>
						<line hits="0" number="149"/>
						<line hits="0" number="150"/>
						<line hits="0" number="151"/>
						<line hits="0" number="152"/>
						<line hits="0" number="154"/>
						<line hits="1" number="156"/>
						<line branch="true" condition-coverage="0% (0/2)" hits="0" missing-branches="158,159" number="157"/>
						<line hits="0" number="158"/>
						<line hits="0" number="159"/>
						<line hits="0" number="161"/>
						<line branch="true" condition-coverage="0% (0/2)" hits="0" missing-branches="163,165" number="162"/>
						<line hits="0" number="163"/>
						<line hits="0" number="165"/>
						<line hits="0" number="167"/>
						<line hits="0" number="168"/>
						<line hits="0" number="169"/>
						<line hits="0" number="170"/>
						<line hits="0" number="172"/>
						<line hits="1" number="174"/>
						<line hits="0" number="175"/>
						<line branch="true" condition-coverage="0% (0/2)" hits="0" missing-branches="178,179" number="177"/>
						<line hits="0" number="178"/>
						<line hits="0" number="179"/>
						<line hits="0" number="181"/>
						<line hits="0" number="183"/>
						<line branch="true" condition-coverage="0% (0/2)" hits="0" missing-branches="185,189" number="184"/>
						<line hits="0" number="185"/>
						<line hits="0" number="186"/>
						<line hits="0" number="187"/>
						<line hits="0" number="189"/>
						<line hits="0" number="192"/>
						<line hits="0" number="193"/>
						<line hits="0" number="194"/>
						<line hits="0" number="195"/>
						<line hits="0" number="197"/>
					</lines>
				</class>
			</classes>
		</package>
		<package branch-rate="0.1667" complexity="0" line-rate="0.234" name="flambda_app.database">
			<classes>
				<class branch-rate="1" complexity="0" filename="flambda_app/database/__init__.py" line-rate="1" name="__init__.py">
					<methods/>
					<lines/>
				</class>
				<class branch-rate="0.1667" complexity="0" filename="flambda_app/database/mysql.py" line-rate="0.2558" name="mysql.py">
					<methods/>
					<lines>
						<line hits="1" number="5"/>
						<line hits="1" number="7"/>
						<line hits="1" number="9"/>
						<line hits="1" number="10"/>
						<line hits="1" number="12"/>
						<line hits="1" number="13"/>
						<line hits="1" number="14"/>
						<line hits="1" number="17"/>
						<line hits="0" number="19"/>
						<line branch="true" condition-coverage="100% (2/2)" hits="1" number="22"/>
						<line hits="1" number="23"/>
						<line hits="0" number="25"/>
						<line hits="0" number="27"/>
						<line hits="0" number="29"/>
						<line hits="1" number="31"/>
						<line branch="true" condition-coverage="0% (0/2)" hits="0" missing-branches="34,76" number="33"/>
						<line hits="0" number="34"/>
						<line hits="0" number="36"/>
						<line hits="0" number="37"/>
						<line hits="0" number="44"/>
						<line branch="true" condition-coverage="0% (0/2)" hits="0" missing-branches="50,51" number="49"/>
						<line hits="0" number="50"/>
						<line hits="0" number="51"/>
						<line hits="0" number="52"/>
						<line hits="0" number="53"/>
						<line hits="0" number="54"/>
						<line branch="true" condition-coverage="0% (0/2)" hits="0" missing-branches="56,61" number="55"/>
						<line hits="0" number="56"/>
						<line hits="0" number="57"/>
						<line hits="0" number="58"/>
						<line hits="0" number="59"/>
						<line hits="0" number="61"/>
						<line hits="0" number="62"/>
						<line hits="0" number="64"/>
						<line branch="true" condition-coverage="0% (0/2)" hits="0" missing-branches="67,78" number="66"/>
						<line hits="0" number="67"/>
						<line branch="true" condition-coverage="0% (0/2)" hits="0" missing-branches="70,74" number="69"/>
						<line hits="0" number="70"/>
						<line hits="0" number="71"/>
						<line hits="0" number="72"/>
						<line hits="0" number="74"/>
						<line hits="0" number="76"/>
						<line hits="0" number="78"/>
					</lines>
				</class>
				<class branch-rate="0.1667" complexity="0" filename="flambda_app/database/redis.py" line-rate="0.2157" name="redis.py">
					<methods/>
					<lines>
						<line hits="1" number="5"/>
						<line hits="1" number="7"/>
						<line hits="1" number="9"/>
						<line hits="1" number="10"/>
						<line hits="1" number="12"/>
						<line hits="1" number="13"/>
						<line hits="1" number="14"/>
						<line hits="1" number="17"/>
						<line hits="0" number="19"/>
						<line branch="true" condition-coverage="100% (2/2)" hits="1" number="22"/>
						<line hits="1" number="23"/>
						<line hits="0" number="25"/>
						<line hits="0" number="27"/>
						<line hits="0" number="29"/>
						<line hits="0" number="31"/>
						<line hits="1" number="33"/>
						<line branch="true" condition-coverage="0% (0/2)" hits="0" missing-branches="36,83" number="35"/>
						<line hits="0" number="36"/>
						<line hits="0" number="38"/>
						<line hits="0" number="39"/>
						<line hits="0" number="40"/>
						<line hits="0" number="41"/>
						<line hits="0" number="42"/>
						<line hits="0" number="43"/>
						<line hits="0" number="47"/>
						<line hits="0" number="48"/>
						<line hits="0" number="49"/>
						<line branch="true" condition-coverage="0% (0/2)" hits="0" missing-branches="53,60" number="51"/>
						<line hits="0" number="53"/>
						<line hits="0" number="54"/>
						<line hits="0" number="58"/>
						<line branch="true" condition-coverage="0% (0/2)" hits="0" missing-branches="61,63" number="60"/>
						<line hits="0" number="61"/>
						<line hits="0" number="63"/>
						<line hits="0" number="64"/>
						<line hits="0" number="65"/>
						<line hits="0" number="66"/>
						<line hits="0" number="67"/>
						<line branch="true" condition-coverage="0% (0/2)" hits="0" missing-branches="69,74" number="68"/>
						<line hits="0" number="69"/>
						<line hits="0" number="70"/>
						<line hits="0" number="71"/>
						<line hits="0" number="72"/>
						<line hits="0" number="74"/>
						<line hits="0" number="75"/>
						<line hits="0" number="77"/>
						<line branch="true" condition-coverage="0% (0/2)" hits="0" missing-branches="80,85" number="79"/>
						<line hits="0" number="80"/>
						<line hits="0" number="81"/>
						<line hits="0" number="83"/>
						<line hits="0" number="85"/>
					</lines>
				</class>
			</classes>
		</package>
		<package branch-rate="0.5294" complexity="0" line-rate="0.4" name="flambda_app.decorators">
			<classes>
				<class branch-rate="0.2" complexity="0" filename="flambda_app/decorators/__init__.py" line-rate="0.3077" name="__init__.py">
					<methods/>
					<lines>
						<line hits="1" number="5"/>
						<line hits="1" number="6"/>
						<line hits="1" number="8"/>
						<line hits="1" number="20"/>
						<line branch="true" condition-coverage="0% (0/2)" hits="0" missing-branches="22,23" number="21"/>
						<line hits="0" number="22"/>
						<line branch="true" condition-coverage="0% (0/2)" hits="0" missing-branches="24,25" number="23"/>
						<line hits="0" number="24"/>
						<line hits="0" number="25"/>
						<line branch="true" condition-coverage="100% (2/2)" hits="1" number="65"/>
						<line hits="1" number="66"/>
						<line hits="0" number="67"/>
						<line hits="1" number="73"/>
						<line hits="0" number="75"/>
						<line hits="0" number="76"/>
						<line branch="true" condition-coverage="0% (0/2)" hits="0" missing-branches="78,79" number="77"/>
						<line hits="0" number="78"/>
						<line branch="true" condition-coverage="0% (0/2)" hits="0" missing-branches="80,82" number="79"/>
						<line hits="0" number="80"/>
						<line hits="0" number="82"/>
						<line hits="0" number="83"/>
						<line hits="0" number="85"/>
						<line hits="0" number="87"/>
						<line hits="0" number="89"/>
						<line hits="1" number="91"/>
						<line hits="0" number="95"/>
					</lines>
				</class>
				<class branch-rate="0.8333" complexity="0" filename="flambda_app/decorators/events.py" line-rate="0.4839" name="events.py">
					<methods/>
					<lines>
						<line hits="1" number="5"/>
						<line hits="1" number="7"/>
						<line branch="true" condition-coverage="100% (2/2)" hits="1" number="10"/>
						<line hits="1" number="11"/>
						<line hits="0" number="12"/>
						<line hits="0" number="13"/>
						<line hits="0" number="14"/>
						<line hits="1" number="16"/>
						<line hits="0" number="17"/>
						<line hits="1" number="19"/>
						<line hits="0" number="20"/>
						<line branch="true" condition-coverage="100% (2/2)" hits="1" number="23"/>
						<line hits="1" number="24"/>
						<line hits="0" number="27"/>
						<line hits="1" number="29"/>
						<line branch="true" condition-coverage="0% (0/2)" hits="0" missing-branches="exit,31" number="30"/>
						<line hits="0" number="31"/>
						<line branch="true" condition-coverage="100% (2/2)" hits="1" number="34"/>
						<line hits="1" number="35"/>
						<line hits="0" number="36"/>
						<line hits="0" number="37"/>
						<line hits="0" number="38"/>
						<line branch="true" condition-coverage="100% (2/2)" hits="1" number="41"/>
						<line hits="1" number="42"/>
						<line hits="0" number="43"/>
						<line hits="0" number="44"/>
						<line hits="0" number="45"/>
						<line branch="true" condition-coverage="100% (2/2)" hits="1" number="48"/>
						<line hits="1" number="49"/>
						<line hits="0" number="50"/>
						<line hits="0" number="51"/>
					</lines>
				</class>
				<class branch-rate="0.5" complexity="0" filename="flambda_app/decorators/wrappers.py" line-rate="0.3929" name="wrappers.py">
					<methods/>
					<lines>
						<line hits="1" number="5"/>
						<line hits="1" number="6"/>
						<line branch="true" condition-coverage="100% (2/2)" hits="1" number="9"/>
						<line hits="1" number="10"/>
						<line hits="0" number="11"/>
						<line hits="0" number="12"/>
						<line branch="true" condition-coverage="0% (0/2)" hits="0" missing-branches="14,15" number="13"/>
						<line hits="0" number="14"/>
						<line hits="0" number="15"/>
						<line hits="0" number="16"/>
						<line hits="1" number="18"/>
						<line hits="0" number="19"/>
						<line hits="0" number="26"/>
						<line branch="true" condition-coverage="100% (2/2)" hits="1" number="29"/>
						<line hits="1" number="30"/>
						<line hits="0" number="31"/>
						<line hits="1" number="33"/>
						<line hits="0" number="38"/>
						<line branch="true" condition-coverage="100% (2/2)" hits="1" number="41"/>
						<line hits="1" number="42"/>
						<line hits="0" number="43"/>
						<line hits="1" number="45"/>
						<line branch="true" condition-coverage="0% (0/2)" hits="0" missing-branches="47,49" number="46"/>
						<line hits="0" number="47"/>
						<line branch="true" condition-coverage="0% (0/2)" hits="0" missing-branches="50,52" number="49"/>
						<line hits="0" number="50"/>
						<line hits="0" number="52"/>
						<line hits="0" number="53"/>
					</lines>
				</class>
			</classes>
		</package>
		<package branch-rate="0.1667" complexity="0" line-rate="0.6383" name="flambda_app.enums">
			<classes>
				<class branch-rate="0.1304" complexity="0" filename="flambda_app/enums/__init__.py" line-rate="0.3929" name="__init__.py">
					<methods/>
					<lines>
						<line hits="1" number="5"/>
						<line hits="1" number="6"/>
						<line branch="true" condition-coverage="100% (2/2)" hits="1" number="9"/>
						<line hits="1" number="11"/>
						<line hits="1" number="12"/>
						<line hits="1" number="14"/>
						<line hits="1" number="15"/>
						<line hits="1" number="17"/>
						<line hits="1" number="18"/>
						<line hits="1" number="20"/>
						<line hits="1" number="21"/>
						<line hits="1" number="23"/>
						<line branch="true" condition-coverage="0% (0/2)" hits="0" missing-branches="exit,exit" number="25"/>
						<line hits="1" number="27"/>
						<line branch="true" condition-coverage="0% (0/2)" hits="0" missing-branches="exit,exit" number="29"/>
						<line hits="1" number="31"/>
						<line branch="true" condition-coverage="0% (0/2)" hits="0" missing-branches="35,42" number="33"/>
						<line branch="true" condition-coverage="0% (0/2)" hits="0" missing-branches="36,40" number="35"/>
						<line branch="true" condition-coverage="0% (0/2)" hits="0" missing-branches="37,38" number="36"/>
						<line hits="0" number="37"/>
						<line branch="true" condition-coverage="0% (0/2)" hits="0" missing-branches="33,39" number="38"/>
						<line hits="0" number="39"/>
						<line branch="true" condition-coverage="0% (0/2)" hits="0" missing-branches="33,41" number="40"/>
						<line hits="0" number="41"/>
						<line hits="0" number="42"/>
						<line hits="1" number="44"/>
						<line branch="true" condition-coverage="0% (0/2)" hits="0" missing-branches="47,49" number="46"/>
						<line branch="true" condition-coverage="0% (0/2)" hits="0" missing-branches="46,48" number="47"/>
						<line hits="0" number="48"/>
						<line hits="0" number="49"/>
						<line branch="true" condition-coverage="100% (2/2)" hits="1" number="52"/>
						<line hits="1" number="53"/>
						<line branch="true" condition-coverage="0% (0/2)" hits="0" missing-branches="exit,exit" number="55"/>
						<line hits="1" number="57"/>
						<line branch="true" condition-coverage="0% (0/2)" hits="0" missing-branches="exit,exit" number="59"/>
						<line hits="1" number="61"/>
						<line branch="true" condition-coverage="0% (0/2)" hits="0" missing-branches="65,72" number="63"/>
						<line branch="true" condition-coverage="0% (0/2)" hits="0" missing-branches="66,70" number="65"/>
						<line branch="true" condition-coverage="0% (0/2)" hits="0" missing-branches="67,68" number="66"/>
						<line hits="0" number="67"/>
						<line branch="true" condition-coverage="0% (0/2)" hits="0" missing-branches="63,69" number="68"/>
						<line hits="0" number="69"/>
						<line branch="true" condition-coverage="0% (0/2)" hits="0" missing-branches="63,71" number="70"/>
						<line hits="0" number="71"/>
						<line hits="0" number="72"/>
						<line hits="1" number="74"/>
						<line branch="true" condition-coverage="0% (0/2)" hits="0" missing-branches="77,79" number="76"/>
						<line branch="true" condition-coverage="0% (0/2)" hits="0" missing-branches="76,78" number="77"/>
						<line hits="0" number="78"/>
						<line hits="0" number="79"/>
						<line branch="true" condition-coverage="100% (2/2)" hits="1" number="82"/>
						<line hits="1" number="89"/>
						<line branch="true" condition-coverage="0% (0/2)" hits="0" missing-branches="92,94" number="91"/>
						<line branch="true" condition-coverage="0% (0/2)" hits="0" missing-branches="91,93" number="92"/>
						<line hits="0" number="93"/>
						<line hits="0" number="94"/>
					</lines>
				</class>
				<class branch-rate="1" complexity="0" filename="flambda_app/enums/messages.py" line-rate="1" name="messages.py">
					<methods/>
					<lines>
						<line hits="1" number="5"/>
						<line branch="true" condition-coverage="100% (2/2)" hits="1" number="8"/>
						<line hits="1" number="10"/>
						<line hits="1" number="11"/>
						<line hits="1" number="12"/>
						<line hits="1" number="14"/>
						<line hits="1" number="15"/>
						<line hits="1" number="16"/>
						<line hits="1" number="17"/>
						<line hits="1" number="20"/>
						<line hits="1" number="21"/>
						<line hits="1" number="23"/>
						<line hits="1" number="24"/>
						<line hits="1" number="26"/>
						<line hits="1" number="27"/>
						<line hits="1" number="28"/>
						<line hits="1" number="31"/>
						<line hits="1" number="32"/>
						<line hits="1" number="33"/>
						<line hits="1" number="34"/>
						<line hits="1" number="35"/>
						<line hits="1" number="36"/>
						<line hits="1" number="39"/>
						<line hits="1" number="40"/>
						<line hits="1" number="41"/>
						<line hits="1" number="42"/>
						<line hits="1" number="45"/>
						<line hits="1" number="46"/>
						<line hits="1" number="49"/>
						<line hits="1" number="50"/>
						<line hits="1" number="51"/>
						<line hits="1" number="54"/>
						<line hits="1" number="55"/>
						<line hits="1" number="56"/>
						<line hits="1" number="57"/>
						<line hits="1" number="58"/>
						<line hits="1" number="61"/>
						<line hits="1" number="62"/>
					</lines>
				</class>
			</classes>
		</package>
		<package branch-rate="0.25" complexity="0" line-rate="0.4258" name="flambda_app.http_resources">
			<classes>
				<class branch-rate="1" complexity="0" filename="flambda_app/http_resources/__init__.py" line-rate="1" name="__init__.py">
					<methods/>
					<lines>
						<line hits="1" number="5"/>
					</lines>
				</class>
				<class branch-rate="1" complexity="0" filename="flambda_app/http_resources/hateos.py" line-rate="1" name="hateos.py">
					<methods/>
					<lines>
						<line hits="1" number="5"/>
						<line branch="true" condition-coverage="100% (2/2)" hits="1" number="8"/>
						<line hits="1" number="9"/>
						<line hits="1" number="10"/>
						<line hits="1" number="11"/>
						<line hits="1" number="12"/>
						<line hits="1" number="13"/>
						<line hits="1" number="15"/>
						<line hits="1" number="16"/>
						<line hits="1" number="18"/>
						<line hits="1" number="19"/>
						<line branch="true" condition-coverage="100% (2/2)" hits="1" number="22"/>
						<line hits="1" number="23"/>
						<line hits="1" number="24"/>
						<line hits="1" number="25"/>
						<line hits="1" number="26"/>
						<line hits="1" number="28"/>
						<line hits="1" number="30"/>
						<line hits="1" number="31"/>
						<line hits="1" number="32"/>
						<line hits="1" number="33"/>
					</lines>
				</class>
				<class branch-rate="0.5" complexity="0" filename="flambda_app/http_resources/request.py" line-rate="0.2338" name="request.py">
					<methods/>
					<lines>
						<line hits="1" number="5"/>
						<line hits="1" number="6"/>
						<line hits="1" number="7"/>
						<line hits="1" number="9"/>
						<line hits="1" number="10"/>
						<line hits="1" number="11"/>
						<line hits="1" number="12"/>
						<line branch="true" condition-coverage="100% (2/2)" hits="1" number="15"/>
						<line hits="1" number="19"/>
						<line hits="0" number="23"/>
						<line hits="0" number="24"/>
						<line hits="0" number="25"/>
						<line hits="0" number="26"/>
						<line hits="0" number="27"/>
						<line hits="0" number="28"/>
						<line hits="0" number="29"/>
						<line hits="0" number="30"/>
						<line hits="0" number="31"/>
						<line hits="0" number="32"/>
						<line hits="0" number="33"/>
						<line hits="0" number="34"/>
						<line hits="0" number="35"/>
						<line hits="0" number="36"/>
						<line hits="0" number="39"/>
						<line branch="true" condition-coverage="0% (0/2)" hits="0" missing-branches="exit,42" number="41"/>
						<line hits="0" number="42"/>
						<line hits="1" number="44"/>
						<line hits="0" number="45"/>
						<line hits="1" number="47"/>
						<line hits="0" number="48"/>
						<line hits="0" number="49"/>
						<line hits="1" number="51"/>
						<line hits="0" number="52"/>
						<line hits="0" number="53"/>
						<line hits="0" number="54"/>
						<line hits="0" number="55"/>
						<line hits="0" number="56"/>
						<line hits="1" number="58"/>
						<line hits="0" number="59"/>
						<line hits="1" number="61"/>
						<line hits="0" number="62"/>
						<line hits="0" number="63"/>
						<line hits="0" number="66"/>
						<line hits="0" number="67"/>
						<line hits="1" number="69"/>
						<line hits="0" number="70"/>
						<line hits="1" number="72"/>
						<line hits="0" number="73"/>
						<line hits="0" number="76"/>
						<line hits="0" number="79"/>
						<line hits="0" number="80"/>
						<line hits="0" number="82"/>
						<line hits="0" number="84"/>
						<line hits="1" number="86"/>
						<line hits="0" number="91"/>
						<line hits="0" number="92"/>
						<line hits="0" number="94"/>
						<line hits="0" number="95"/>
						<line hits="0" number="96"/>
						<line hits="0" number="97"/>
						<line hits="0" number="98"/>
						<line hits="0" number="99"/>
						<line hits="0" number="100"/>
						<line hits="0" number="101"/>
						<line hits="0" number="102"/>
						<line hits="0" number="103"/>
						<line hits="0" number="104"/>
						<line hits="0" number="105"/>
						<line hits="0" number="106"/>
						<line hits="0" number="107"/>
						<line hits="0" number="109"/>
						<line hits="1" number="111"/>
						<line hits="0" number="113"/>
						<line hits="0" number="114"/>
						<line hits="0" number="115"/>
						<line hits="0" number="116"/>
						<line hits="0" number="117"/>
					</lines>
				</class>
				<class branch-rate="0.125" complexity="0" filename="flambda_app/http_resources/response.py" line-rate="0.4455" name="response.py">
					<methods/>
					<lines>
						<line hits="1" number="5"/>
						<line hits="1" number="6"/>
						<line hits="1" number="8"/>
						<line hits="1" number="10"/>
						<line hits="1" number="11"/>
						<line hits="1" number="12"/>
						<line hits="1" number="13"/>
						<line hits="1" number="14"/>
						<line hits="1" number="15"/>
						<line hits="1" number="16"/>
						<line hits="1" number="17"/>
						<line hits="1" number="18"/>
						<line branch="true" condition-coverage="100% (2/2)" hits="1" number="21"/>
						<line hits="1" number="22"/>
						<line hits="1" number="26"/>
						<line hits="1" number="27"/>
						<line hits="1" number="28"/>
						<line hits="1" number="29"/>
						<line hits="1" number="30"/>
						<line hits="1" number="33"/>
						<line hits="1" number="35"/>
						<line hits="1" number="36"/>
						<line hits="1" number="37"/>
						<line hits="1" number="40"/>
						<line hits="1" number="41"/>
						<line hits="1" number="42"/>
						<line hits="1" number="43"/>
						<line hits="1" number="44"/>
						<line hits="1" number="45"/>
						<line hits="1" number="46"/>
						<line hits="1" number="47"/>
						<line hits="1" number="49"/>
						<line hits="1" number="51"/>
						<line hits="0" number="52"/>
						<line hits="1" number="54"/>
						<line hits="1" number="56"/>
						<line branch="true" condition-coverage="50% (1/2)" hits="1" missing-branches="60" number="59"/>
						<line hits="0" number="60"/>
						<line branch="true" condition-coverage="50% (1/2)" hits="1" missing-branches="64" number="62"/>
						<line branch="true" condition-coverage="0% (0/2)" hits="0" missing-branches="65,70" number="64"/>
						<line hits="0" number="65"/>
						<line branch="true" condition-coverage="0% (0/2)" hits="0" missing-branches="67,68" number="66"/>
						<line hits="0" number="67"/>
						<line hits="0" number="68"/>
						<line hits="0" number="70"/>
						<line hits="1" number="72"/>
						<line hits="1" number="73"/>
						<line hits="1" number="75"/>
						<line hits="0" number="76"/>
						<line hits="1" number="78"/>
						<line hits="0" number="79"/>
						<line hits="1" number="81"/>
						<line branch="true" condition-coverage="0% (0/2)" hits="0" missing-branches="84,86" number="83"/>
						<line hits="0" number="84"/>
						<line hits="0" number="86"/>
						<line hits="0" number="87"/>
						<line hits="0" number="88"/>
						<line hits="0" number="89"/>
						<line hits="0" number="90"/>
						<line hits="0" number="91"/>
						<line hits="0" number="92"/>
						<line branch="true" condition-coverage="0% (0/2)" hits="0" missing-branches="95,125" number="94"/>
						<line branch="true" condition-coverage="0% (0/2)" hits="0" missing-branches="96,101" number="95"/>
						<line hits="0" number="96"/>
						<line hits="0" number="97"/>
						<line hits="0" number="98"/>
						<line hits="0" number="99"/>
						<line hits="0" number="101"/>
						<line hits="0" number="102"/>
						<line hits="0" number="103"/>
						<line hits="0" number="104"/>
						<line hits="0" number="106"/>
						<line branch="true" condition-coverage="0% (0/2)" hits="0" missing-branches="117,199" number="116"/>
						<line hits="0" number="117"/>
						<line hits="0" number="119"/>
						<line hits="0" number="120"/>
						<line hits="0" number="121"/>
						<line hits="0" number="122"/>
						<line branch="true" condition-coverage="0% (0/2)" hits="0" missing-branches="126,128" number="125"/>
						<line hits="0" number="126"/>
						<line hits="0" number="128"/>
						<line branch="true" condition-coverage="0% (0/2)" hits="0" missing-branches="130,153" number="129"/>
						<line hits="0" number="130"/>
						<line branch="true" condition-coverage="0% (0/2)" hits="0" missing-branches="154,162" number="153"/>
						<line hits="0" number="154"/>
						<line hits="0" number="162"/>
						<line branch="true" condition-coverage="0% (0/2)" hits="0" missing-branches="185,191" number="184"/>
						<line hits="0" number="185"/>
						<line hits="0" number="186"/>
						<line branch="true" condition-coverage="0% (0/2)" hits="0" missing-branches="192,194" number="191"/>
						<line hits="0" number="192"/>
[...]
						<line hits="1" number="73"/>
						<line hits="1" number="75"/>
						<line hits="1" number="77"/>
						<line hits="1" number="84"/>
						<line hits="1" number="85"/>
						<line hits="1" number="86"/>
						<line hits="1" number="88"/>
						<line hits="1" number="89"/>
						<line hits="1" number="90"/>
						<line hits="1" number="91"/>
						<line hits="1" number="92"/>
						<line hits="1" number="93"/>
						<line hits="1" number="94"/>
					</lines>
				</class>
				<class branch-rate="0.03846" complexity="0" filename="flambda_app/services/v1/product_service.py" line-rate="0.134" name="product_service.py">
					<methods/>
					<lines>
						<line hits="1" number="5"/>
						<line hits="1" number="7"/>
						<line hits="1" number="8"/>
						<line hits="1" number="9"/>
						<line hits="1" number="10"/>
						<line hits="1" number="11"/>
						<line hits="1" number="12"/>
						<line hits="1" number="13"/>
						<line hits="1" number="14"/>
						<line hits="1" number="15"/>
						<line hits="1" number="16"/>
						<line hits="1" number="17"/>
						<line branch="true" condition-coverage="100% (2/2)" hits="1" number="20"/>
						<line hits="1" number="21"/>
						<line hits="1" number="22"/>
						<line hits="1" number="24"/>
						<line hits="0" number="27"/>
						<line hits="0" number="29"/>
						<line hits="0" number="32"/>
						<line hits="0" number="36"/>
						<line branch="true" condition-coverage="0% (0/2)" hits="0" missing-branches="40,46" number="38"/>
						<line hits="0" number="40"/>
						<line hits="0" number="43"/>
						<line hits="0" number="46"/>
						<line hits="1" number="48"/>
						<line hits="0" number="49"/>
						<line hits="0" number="50"/>
						<line branch="true" condition-coverage="0% (0/2)" hits="0" missing-branches="exit,52" number="51"/>
						<line hits="0" number="52"/>
						<line hits="1" number="54"/>
						<line hits="0" number="55"/>
						<line hits="0" number="58"/>
						<line hits="0" number="59"/>
						<line branch="true" condition-coverage="0% (0/2)" hits="0" missing-branches="61,66" number="60"/>
						<line hits="0" number="61"/>
						<line hits="0" number="66"/>
						<line hits="0" number="68"/>
						<line hits="0" number="69"/>
						<line hits="0" number="70"/>
						<line hits="0" number="71"/>
						<line hits="0" number="72"/>
						<line hits="0" number="73"/>
						<line hits="0" number="74"/>
						<line branch="true" condition-coverage="0% (0/2)" hits="0" missing-branches="80,86" number="79"/>
						<line hits="0" number="80"/>
						<line branch="true" condition-coverage="0% (0/2)" hits="0" missing-branches="82,83" number="81"/>
						<line hits="0" number="82"/>
						<line hits="0" number="83"/>
						<line branch="true" condition-coverage="0% (0/2)" hits="0" missing-branches="87,93" number="86"/>
						<line hits="0" number="87"/>
						<line hits="0" number="89"/>
						<line hits="0" number="90"/>
						<line hits="0" number="91"/>
						<line hits="0" number="93"/>
						<line hits="1" number="95"/>
						<line hits="0" number="96"/>
						<line hits="0" number="99"/>
						<line hits="0" number="100"/>
						<line branch="true" condition-coverage="0% (0/2)" hits="0" missing-branches="102,107" number="101"/>
						<line hits="0" number="102"/>
						<line hits="0" number="107"/>
						<line hits="0" number="109"/>
						<line hits="0" number="110"/>
						<line hits="0" number="111"/>
						<line hits="0" number="112"/>
						<line hits="0" number="114"/>
						<line hits="0" number="115"/>
						<line hits="0" number="116"/>
						<line hits="0" number="118"/>
						<line hits="1" number="120"/>
						<line hits="0" number="121"/>
						<line hits="0" number="123"/>
						<line hits="1" number="125"/>
						<line hits="0" number="126"/>
						<line hits="0" number="129"/>
						<line hits="0" number="132"/>
						<line hits="0" number="133"/>
						<line hits="0" number="135"/>
						<line hits="0" number="136"/>
						<line hits="0" number="137"/>
						<line hits="0" number="138"/>
						<line branch="true" condition-coverage="0% (0/2)" hits="0" missing-branches="143,146" number="142"/>
						<line hits="0" number="143"/>
						<line branch="true" condition-coverage="0% (0/2)" hits="0" missing-branches="147,150" number="146"/>
						<line hits="0" number="147"/>
						<line branch="true" condition-coverage="0% (0/2)" hits="0" missing-branches="151,157" number="150"/>
						<line hits="0" number="151"/>
						<line hits="0" number="153"/>
						<line hits="0" number="154"/>
						<line hits="0" number="155"/>
						<line hits="0" number="157"/>
						<line hits="1" number="159"/>
						<line hits="0" number="160"/>
						<line hits="0" number="162"/>
						<line branch="true" condition-coverage="0% (0/2)" hits="0" missing-branches="164,166" number="163"/>
						<line hits="0" number="164"/>
						<line hits="0" number="166"/>
						<line branch="true" condition-coverage="0% (0/2)" hits="0" missing-branches="169,171" number="168"/>
						<line hits="0" number="169"/>
						<line hits="0" number="171"/>
						<line hits="0" number="172"/>
						<line branch="true" condition-coverage="0% (0/2)" hits="0" missing-branches="176,178" number="174"/>
						<line hits="0" number="176"/>
						<line hits="0" number="178"/>
						<line hits="0" number="180"/>
						<line hits="0" number="182"/>
						<line hits="0" number="183"/>
						<line hits="0" number="184"/>
						<line hits="0" number="186"/>
						<line hits="1" number="188"/>
						<line hits="0" number="190"/>
						<line hits="0" number="192"/>
						<line branch="true" condition-coverage="0% (0/2)" hits="0" missing-branches="194,196" number="193"/>
						<line hits="0" number="194"/>
						<line hits="0" number="196"/>
						<line branch="true" condition-coverage="0% (0/2)" hits="0" missing-branches="198,201" number="197"/>
						<line hits="0" number="198"/>
						<line hits="0" number="201"/>
						<line hits="0" number="204"/>
						<line hits="0" number="205"/>
						<line hits="0" number="207"/>
						<line branch="true" condition-coverage="0% (0/2)" hits="0" missing-branches="210,212" number="209"/>
						<line hits="0" number="210"/>
						<line hits="0" number="212"/>
						<line hits="0" number="213"/>
						<line hits="0" number="214"/>
						<line hits="0" number="216"/>
						<line branch="true" condition-coverage="0% (0/2)" hits="0" missing-branches="220,222" number="218"/>
						<line hits="0" number="220"/>
						<line hits="0" number="222"/>
						<line hits="0" number="224"/>
						<line hits="0" number="226"/>
						<line hits="0" number="227"/>
						<line hits="0" number="228"/>
						<line hits="0" number="230"/>
						<line hits="1" number="232"/>
						<line hits="0" number="234"/>
						<line hits="0" number="236"/>
						<line branch="true" condition-coverage="0% (0/2)" hits="0" missing-branches="238,240" number="237"/>
						<line hits="0" number="238"/>
						<line hits="0" number="240"/>
						<line branch="true" condition-coverage="0% (0/2)" hits="0" missing-branches="242,245" number="241"/>
						<line hits="0" number="242"/>
						<line hits="0" number="245"/>
						<line hits="0" number="248"/>
						<line hits="0" number="249"/>
						<line hits="0" number="250"/>
						<line hits="0" number="255"/>
						<line branch="true" condition-coverage="0% (0/2)" hits="0" missing-branches="258,260" number="257"/>
						<line hits="0" number="258"/>
						<line hits="0" number="260"/>
						<line hits="0" number="261"/>
						<line hits="0" number="263"/>
						<line hits="0" number="264"/>
						<line branch="true" condition-coverage="0% (0/2)" hits="0" missing-branches="268,270" number="266"/>
						<line hits="0" number="268"/>
						<line hits="0" number="270"/>
						<line hits="0" number="272"/>
						<line hits="0" number="274"/>
						<line hits="0" number="275"/>
						<line hits="0" number="276"/>
						<line hits="0" number="278"/>
						<line hits="1" number="280"/>
						<line hits="0" number="282"/>
						<line hits="0" number="283"/>
						<line hits="0" number="285"/>
						<line branch="true" condition-coverage="0% (0/2)" hits="0" missing-branches="287,289" number="286"/>
						<line hits="0" number="287"/>
						<line hits="0" number="289"/>
						<line hits="0" number="291"/>
						<line branch="true" condition-coverage="0% (0/2)" hits="0" missing-branches="294,297" number="293"/>
						<line hits="0" number="294"/>
						<line hits="0" number="297"/>
						<line hits="0" number="299"/>
						<line hits="0" number="300"/>
						<line hits="0" number="301"/>
						<line hits="0" number="303"/>
						<line hits="1" number="305"/>
						<line hits="0" number="306"/>
						<line hits="0" number="307"/>
						<line hits="0" number="308"/>
						<line hits="0" number="309"/>
						<line hits="0" number="310"/>
						<line hits="0" number="311"/>
						<line hits="0" number="312"/>
						<line hits="0" number="313"/>
						<line hits="0" number="314"/>
						<line hits="0" number="315"/>
						<line branch="true" condition-coverage="0% (0/2)" hits="0" missing-branches="exit,317" number="316"/>
						<line branch="true" condition-coverage="0% (0/2)" hits="0" missing-branches="316,318" number="317"/>
						<line hits="0" number="318"/>
						<line hits="0" number="319"/>
						<line hits="0" number="320"/>
						<line hits="0" number="321"/>
					</lines>
				</class>
			</classes>
		</package>
		<package branch-rate="0.7308" complexity="0" line-rate="0.7919" name="flambda_app.services.v1.healthcheck">
			<classes>
				<class branch-rate="0.8636" complexity="0" filename="flambda_app/services/v1/healthcheck/__init__.py" line-rate="0.8971" name="__init__.py">
					<methods/>
					<lines>
						<line hits="1" number="1"/>
						<line hits="1" number="2"/>
						<line hits="1" number="4"/>
						<line hits="1" number="5"/>
						<line hits="1" number="6"/>
						<line hits="1" number="7"/>
						<line hits="1" number="8"/>
						<line hits="1" number="9"/>
						<line hits="1" number="10"/>
						<line branch="true" condition-coverage="100% (2/2)" hits="1" number="13"/>
						<line hits="1" number="15"/>
						<line hits="1" number="17"/>
						<line hits="1" number="19"/>
						<line branch="true" condition-coverage="100% (2/2)" hits="1" number="22"/>
						<line hits="1" number="23"/>
						<line hits="1" number="24"/>
						<line hits="1" number="25"/>
						<line hits="1" number="27"/>
						<line hits="1" number="29"/>
						<line hits="1" number="31"/>
						<line hits="1" number="33"/>
						<line hits="1" number="35"/>
						<line hits="0" number="37"/>
						<line hits="1" number="39"/>
						<line hits="0" number="40"/>
						<line hits="1" number="42"/>
						<line hits="0" number="43"/>
						<line hits="1" number="45"/>
						<line hits="1" number="46"/>
						<line hits="1" number="48"/>
						<line hits="0" number="49"/>
						<line branch="true" condition-coverage="100% (2/2)" hits="1" number="52"/>
						<line hits="1" number="53"/>
						<line hits="1" number="54"/>
						<line hits="1" number="55"/>
						<line branch="true" condition-coverage="100% (2/2)" hits="1" number="58"/>
						<line hits="1" number="59"/>
						<line branch="true" condition-coverage="100% (2/2)" hits="1" number="62"/>
						<line hits="1" number="63"/>
						<line hits="1" number="64"/>
						<line hits="1" number="65"/>
						<line branch="true" condition-coverage="100% (2/2)" hits="1" number="68"/>
						<line hits="1" number="69"/>
						<line hits="1" number="71"/>
						<line hits="1" number="73"/>
						<line hits="1" number="75"/>
						<line hits="0" number="76"/>
						<line branch="true" condition-coverage="100% (2/2)" hits="1" number="79"/>
						<line hits="1" number="81"/>
						<line hits="1" number="82"/>
						<line hits="1" number="83"/>
						<line hits="1" number="84"/>
						<line hits="1" number="85"/>
						<line hits="1" number="86"/>
						<line hits="1" number="87"/>
						<line hits="1" number="89"/>
						<line branch="true" condition-coverage="50% (1/2)" hits="1" missing-branches="97" number="91"/>
						<line branch="true" condition-coverage="100% (2/2)" hits="1" number="92"/>
						<line hits="1" number="93"/>
						<line branch="true" condition-coverage="50% (1/2)" hits="1" missing-branches="95" number="94"/>
						<line hits="0" number="95"/>
						<line hits="0" number="97"/>
						<line hits="1" number="99"/>
						<line hits="1" number="107"/>
						<line hits="1" number="109"/>
						<line branch="true" condition-coverage="50% (1/2)" hits="1" missing-branches="117" number="115"/>
						<line hits="1" number="116"/>
						<line hits="1" number="117"/>
					</lines>
				</class>
				<class branch-rate="0.6333" complexity="0" filename="flambda_app/services/v1/healthcheck/resources.py" line-rate="0.7238" name="resources.py">
					<methods/>
					<lines>
						<line hits="1" number="5"/>
						<line hits="1" number="7"/>
						<line hits="1" number="9"/>
						<line hits="1" number="10"/>
						<line hits="1" number="11"/>
						<line hits="1" number="12"/>
						<line hits="1" number="13"/>
						<line branch="true" condition-coverage="100% (2/2)" hits="1" number="16"/>
						<line hits="1" number="17"/>
						<line hits="1" number="18"/>
						<line hits="1" number="19"/>
						<line hits="1" number="21"/>
						<line hits="1" number="22"/>
						<line hits="1" number="23"/>
						<line hits="1" number="24"/>
						<line branch="true" condition-coverage="50% (1/2)" hits="1" missing-branches="36" number="26"/>
						<line hits="1" number="27"/>
						<line hits="0" number="36"/>
						<line hits="0" number="37"/>
						<line hits="0" number="39"/>
						<line hits="0" number="40"/>
						<line hits="0" number="41"/>
						<line hits="0" number="42"/>
						<line hits="0" number="43"/>
						<line hits="0" number="44"/>
						<line hits="0" number="45"/>
						<line hits="0" number="47"/>
						<line hits="0" number="48"/>
						<line hits="0" number="49"/>
						<line hits="0" number="50"/>
						<line branch="true" condition-coverage="50% (1/2)" hits="1" missing-branches="54" number="52"/>
						<line hits="1" number="53"/>
						<line hits="1" number="54"/>
						<line hits="1" number="56"/>
						<line hits="0" number="57"/>
						<line hits="0" number="58"/>
						<line branch="true" condition-coverage="0% (0/2)" hits="0" missing-branches="60,68" number="59"/>
						<line branch="true" condition-coverage="0% (0/2)" hits="0" missing-branches="61,64" number="60"/>
						<line hits="0" number="61"/>
						<line hits="0" number="62"/>
						<line hits="0" number="64"/>
						<line hits="0" number="65"/>
						<line hits="0" number="66"/>
						<line hits="0" number="68"/>
						<line hits="0" number="69"/>
						<line branch="true" condition-coverage="100% (2/2)" hits="1" number="72"/>
						<line hits="1" number="73"/>
						<line hits="1" number="74"/>
						<line hits="1" number="76"/>
						<line hits="1" number="78"/>
						<line hits="1" number="79"/>
						<line hits="1" number="80"/>
						<line hits="1" number="81"/>
						<line hits="1" number="83"/>
						<line branch="true" condition-coverage="50% (1/2)" hits="1" missing-branches="91" number="84"/>
						<line hits="1" number="85"/>
						<line hits="1" number="86"/>
						<line hits="1" number="87"/>
						<line hits="1" number="88"/>
						<line hits="1" number="89"/>
						<line hits="0" number="91"/>
						<line hits="1" number="92"/>
						<line hits="1" number="93"/>
						<line branch="true" condition-coverage="100% (2/2)" hits="1" number="95"/>
						<line hits="1" number="96"/>
						<line hits="1" number="97"/>
						<line branch="true" condition-coverage="100% (2/2)" hits="1" number="100"/>
						<line hits="1" number="101"/>
						<line hits="1" number="102"/>
						<line hits="1" number="104"/>
						<line hits="1" number="106"/>
						<line hits="1" number="107"/>
						<line hits="1" number="108"/>
						<line hits="1" number="109"/>
						<line hits="1" number="111"/>
						<line branch="true" condition-coverage="50% (1/2)" hits="1" missing-branches="117" number="112"/>
						<line hits="1" number="113"/>
						<line hits="1" number="114"/>
						<line hits="1" number="115"/>
						<line hits="0" number="117"/>
						<line hits="1" number="118"/>
						<line hits="1" number="119"/>
						<line branch="true" condition-coverage="100% (2/2)" hits="1" number="121"/>
						<line hits="1" number="122"/>
						<line hits="1" number="123"/>
						<line branch="true" condition-coverage="100% (2/2)" hits="1" number="126"/>
						<line hits="1" number="127"/>
						<line hits="1" number="128"/>
						<line hits="1" number="130"/>
						<line hits="1" number="132"/>
						<line hits="1" number="133"/>
						<line hits="1" number="134"/>
						<line hits="1" number="135"/>
						<line hits="1" number="137"/>
						<line branch="true" condition-coverage="50% (1/2)" hits="1" missing-branches="144" number="138"/>
						<line hits="1" number="139"/>
						<line branch="true" condition-coverage="50% (1/2)" hits="1" missing-branches="148" number="140"/>
						<line hits="1" number="141"/>
						<line hits="1" number="142"/>
						<line hits="0" number="144"/>
						<line hits="0" number="145"/>
						<line hits="0" number="146"/>
						<line branch="true" condition-coverage="50% (1/2)" hits="1" missing-branches="150" number="148"/>
						<line hits="1" number="149"/>
						<line hits="1" number="150"/>
					</lines>
				</class>
			</classes>
		</package>
		<package branch-rate="0.4" complexity="0" line-rate="0.6596" name="flambda_app.vos">
			<classes>
				<class branch-rate="0.25" complexity="0" filename="flambda_app/vos/__init__.py" line-rate="0.5152" name="__init__.py">
					<methods/>
					<lines>
						<line hits="1" number="5"/>
						<line hits="1" number="7"/>
						<line hits="1" number="10"/>
						<line hits="0" number="11"/>
						<line branch="true" condition-coverage="0% (0/2)" hits="0" missing-branches="13,15" number="12"/>
						<line branch="true" condition-coverage="0% (0/2)" hits="0" missing-branches="12,14" number="13"/>
						<line hits="0" number="14"/>
						<line hits="0" number="15"/>
						<line branch="true" condition-coverage="100% (2/2)" hits="1" number="18"/>
						<line hits="1" number="19"/>
						<line hits="0" number="20"/>
						<line hits="1" number="22"/>
						<line hits="0" number="23"/>
						<line hits="1" number="25"/>
						<line hits="1" number="26"/>
						<line hits="1" number="28"/>
						<line hits="1" number="29"/>
						<line hits="1" number="31"/>
						<line hits="0" number="35"/>
						<line hits="0" number="36"/>
						<line hits="0" number="37"/>
						<line hits="1" number="39"/>
						<line hits="0" number="45"/>
						<line hits="0" number="46"/>
						<line branch="true" condition-coverage="0% (0/2)" hits="0" missing-branches="48,50" number="47"/>
						<line hits="0" number="48"/>
						<line hits="0" number="50"/>
						<line hits="1" number="52"/>
						<line hits="0" number="54"/>
						<line hits="1" number="56"/>
						<line hits="1" number="58"/>
						<line hits="1" number="60"/>
						<line hits="1" number="62"/>
					</lines>
				</class>
				<class branch-rate="1" complexity="0" filename="flambda_app/vos/product.py" line-rate="1" name="product.py">
					<methods/>
					<lines>
						<line hits="1" number="5"/>
						<line hits="1" number="7"/>
						<line hits="1" number="8"/>
						<line branch="true" condition-coverage="100% (2/2)" hits="1" number="11"/>
						<line hits="1" number="16"/>
						<line hits="1" number="20"/>
						<line hits="1" number="21"/>
						<line hits="1" number="23"/>
						<line hits="1" number="24"/>
						<line hits="1" number="25"/>
						<line hits="1" number="26"/>
						<line hits="1" number="27"/>
						<line hits="1" number="29"/>
						<line hits="1" number="30"/>
					</lines>
				</class>
			</classes>
		</package>
	</packages>
</coverage>
